<?xml version="1.0" encoding="utf-8"?><testsuites name="pytest tests"><testsuite name="pytest" errors="0" failures="14" skipped="39" tests="1766" time="233.119" timestamp="2026-04-21T16:44:24.948762-05:00" hostname="DESKTOP-RD0T80M"><testcase classname="examples.01-beginner-foundations.test_01_01_class_creation" name="test_class_creation_basics" time="0.004" /><testcase classname="examples.01-beginner-foundations.test_01_02_instantiation" name="test_model_instantiation_assigns_fields" time="0.006" /><testcase classname="examples.01-beginner-foundations.test_01_03_columns_intro" name="test_columns_are_registered_on_model" time="0.002" /><testcase classname="examples.01-beginner-foundations.test_01_04_mapped_vs_unmapped" name="test_mapped_and_virtual_columns" time="0.002" /><testcase classname="examples.01_beginner_fundamentals.test_01_class_creation" name="test_class_creation_builds_table_and_columns" time="0.002" /><testcase classname="examples.01_beginner_fundamentals.test_01_class_creation" name="test_class_creation_sets_column_nullability_and_type" time="0.002" /><testcase classname="examples.01_beginner_fundamentals.test_02_instantiation" name="test_model_instantiation_sets_attributes" time="0.002" /><testcase classname="examples.01_beginner_fundamentals.test_02_instantiation" name="test_multiple_instances_keep_independent_state" time="0.002" /><testcase classname="examples.01_beginner_fundamentals.test_03_types_exports" name="test_types_exports_cover_column_basics" time="0.002" /><testcase classname="examples.01_beginner_fundamentals.test_03_types_exports" name="test_types_exports_support_json_columns" time="0.002" /><testcase classname="examples.01_beginner_fundamentals.test_03_types_exports" name="test_types_exports_allow_json_column_name_without_shadowing_json_type" time="0.002" /><testcase classname="examples.01_beginner_fundamentals.test_03_types_exports" name="test_types_exports_warn_when_json_attribute_shadows_basemodel_json" time="0.002" /><testcase classname="examples.01_beginner_fundamentals.test_04_table_args" name="test_table_args_register_constraints" time="0.002" /><testcase classname="examples.01_beginner_fundamentals.test_04_table_args" name="test_table_args_are_exposed_on_the_model_class" time="0.003" /><testcase classname="examples.02-beginner-columns.test_02_01_storage_spec" name="test_storage_spec_basics" time="0.001" /><testcase classname="examples.02-beginner-columns.test_02_02_field_spec" name="test_field_spec_basics" time="0.000" /><testcase classname="examples.02-beginner-columns.test_02_03_io_spec" name="test_io_spec_basics" time="0.001" /><testcase classname="examples.02-beginner-columns.test_02_04_column_spec" name="test_column_spec_composition" time="0.001" /><testcase classname="examples.02_beginner_models.test_01_mixin_usage" name="test_guidpk_mixin_adds_id_column" time="0.002" /><testcase classname="examples.02_beginner_models.test_01_mixin_usage" name="test_guidpk_mixin_marks_id_as_primary_key" time="0.001" /><testcase classname="examples.02_beginner_models.test_02_mapped_vs_nonmapped" name="test_mapped_and_nonmapped_columns_coexist" time="0.003" /><testcase classname="examples.02_beginner_models.test_02_mapped_vs_nonmapped" name="test_mapped_and_nonmapped_share_column_defaults" time="0.003" /><testcase classname="examples.02_beginner_models.test_03_column_specs" name="test_column_specs_create_io_ready_columns" time="0.002" /><testcase classname="examples.02_beginner_models.test_03_column_specs" name="test_column_specs_preserve_storage_metadata" time="0.002" /><testcase classname="examples.02_beginner_models.test_04_indexed_table" name="test_table_args_support_indexes" time="0.002" /><testcase classname="examples.02_beginner_models.test_04_indexed_table" name="test_indexes_capture_target_columns" time="0.001" /><testcase classname="examples.03-beginner-mixins.test_03_01_guidpk_mixin" name="test_guidpk_mixin_primary_key" time="0.002" /><testcase classname="examples.03-beginner-mixins.test_03_02_timestamped_mixin" name="test_timestamped_mixin_columns" time="0.001" /><testcase classname="examples.03-beginner-mixins.test_03_03_table_args" name="test_table_args_constraints" time="0.002" /><testcase classname="examples.03-beginner-mixins.test_03_04_table_config" name="test_table_config_engine_binding" time="0.001" /><testcase classname="examples.03_beginner_specs.test_01_field_spec_f" name="test_field_spec_describes_python_type" time="0.001" /><testcase classname="examples.03_beginner_specs.test_01_field_spec_f" name="test_field_spec_uses_explicit_constraints_for_descriptions" time="0.001" /><testcase classname="examples.03_beginner_specs.test_02_io_spec" name="test_io_spec_controls_verb_visibility" time="0.001" /><testcase classname="examples.03_beginner_specs.test_02_io_spec" name="test_io_spec_can_express_read_only_fields" time="0.000" /><testcase classname="examples.03_beginner_specs.test_03_storage_spec_s" name="test_storage_spec_captures_column_metadata" time="0.000" /><testcase classname="examples.03_beginner_specs.test_03_storage_spec_s" name="test_storage_spec_respects_nullability_flags" time="0.001" /><testcase classname="examples.03_beginner_specs.test_04_acol_shortcut" name="test_acol_creates_storage_and_field_specs" time="0.002" /><testcase classname="examples.03_beginner_specs.test_04_acol_shortcut" name="test_acol_respects_storage_configuration" time="0.001" /><testcase classname="examples.04-beginner-app-api.test_04_01_define_app_spec" name="test_define_app_spec_values" time="0.001" /><testcase classname="examples.04-beginner-app-api.test_04_02_derive_app" name="test_derive_app_spec_values" time="0.001" /><testcase classname="examples.04-beginner-app-api.test_04_03_define_table_spec" name="test_define_table_spec_ops_and_columns" time="0.001" /><testcase classname="examples.04-beginner-app-api.test_04_04_include_model" name="test_app_includes_model_namespaces" time="0.016" /><testcase classname="examples.04_beginner_tables_columns.test_01_supported_types" name="test_type_gallery_defines_all_supported_columns" time="0.004" /><testcase classname="examples.04_beginner_tables_columns.test_01_supported_types" name="test_type_gallery_includes_array_and_jsonb_types" time="0.002" /><testcase classname="examples.04_beginner_tables_columns.test_02_column_defaults" name="test_column_defaults_apply_on_instantiation" time="0.002" /><testcase classname="examples.04_beginner_tables_columns.test_02_column_defaults" name="test_required_columns_remain_non_nullable" time="0.002" /><testcase classname="examples.04_beginner_tables_columns.test_03_table_args_constraints" name="test_table_constraints_are_in_metadata" time="0.002" /><testcase classname="examples.04_beginner_tables_columns.test_03_table_args_constraints" name="test_table_constraints_include_unique_checks" time="0.001" /><testcase classname="examples.04_beginner_tables_columns.test_04_column_indexes" name="test_index_metadata_registered" time="0.002" /><testcase classname="examples.04_beginner_tables_columns.test_04_column_indexes" name="test_index_columns_are_recorded" time="0.001" /><testcase classname="examples.05-beginner-usage.test_05_01_rest_create_read" name="test_rest_create_and_read" time="1.267" /><testcase classname="examples.05-beginner-usage.test_05_02_openapi_paths" name="test_openapi_includes_widget_paths" time="1.194" /><testcase classname="examples.05-beginner-usage.test_05_03_system_endpoints" name="test_system_endpoints_are_available" time="1.274" /><testcase classname="examples.05-beginner-usage.test_05_04_rpc_create" name="test_rpc_create_via_client" time="1.385" /><testcase classname="examples.05_beginner_app_api.test_01_tigrbl_app_init" name="test_app_includes_model_and_registry" time="0.014" /><testcase classname="examples.05_beginner_app_api.test_01_tigrbl_app_init" name="test_app_model_map_tracks_the_model_class" time="0.014" /><testcase classname="examples.05_beginner_app_api.test_02_app_router" name="test_app_router_registers_routes" time="0.015" /><testcase classname="examples.05_beginner_app_api.test_02_app_router" name="test_app_router_contains_model_route_once" time="0.013" /><testcase classname="examples.05_beginner_app_api.test_03_jsonrpc_mount" name="test_jsonrpc_mount_adds_rpc_prefix" time="0.013" /><testcase classname="examples.05_beginner_app_api.test_03_jsonrpc_mount" name="test_jsonrpc_mount_preserves_existing_routes" time="0.013" /><testcase classname="examples.05_beginner_app_api.test_04_default_ops" name="test_default_ops_register_core_verbs" time="0.014" /><testcase classname="examples.05_beginner_app_api.test_04_default_ops" name="test_default_ops_are_exposed_as_aliases" time="0.014" /><testcase classname="examples.05_beginner_app_api.test_05_asgi_router_compat" name="test_tigrbl_router_is_asgi_compatible" time="0.006"><skipped type="pytest.xfail" message="TigrblRouter does not expose HTTP method decorators" /></testcase><testcase classname="examples.05_beginner_app_api.test_05_asgi_router_compat" name="test_tigrbl_app_op_alias_declares_operation" time="0.001" /><testcase classname="examples.05_beginner_app_api.test_05_asgi_router_compat" name="test_tigrbl_app_op_ctx_binds_handler" time="0.001" /><testcase classname="examples.05_beginner_app_api.test_05_asgi_router_compat" name="test_tigrbl_app_is_asgi_compatible_with_op_alias_and_op_ctx" time="0.057" /><testcase classname="examples.06-intermediate-bindings.test_06_01_bind_opspecs" name="test_bind_builds_opspecs" time="0.012" /><testcase classname="examples.06-intermediate-bindings.test_06_02_bind_columns" name="test_bind_exposes_columns_namespace" time="0.010" /><testcase classname="examples.06-intermediate-bindings.test_06_03_include_models" name="test_include_models_registers_resources" time="0.022" /><testcase classname="examples.06-intermediate-bindings.test_06_04_rest_router_binding" name="test_rest_router_is_attached" time="0.013" /><testcase classname="examples.06_intermediate_ops.test_01_op_ctx" name="test_custom_op_ctx_registers_alias" time="0.015" /><testcase classname="examples.06_intermediate_ops.test_01_op_ctx" name="test_op_ctx_metadata_records_target_and_arity" time="0.002" /><testcase classname="examples.06_intermediate_ops.test_02_op_alias" name="test_op_alias_registers_custom_name" time="0.015" /><testcase classname="examples.06_intermediate_ops.test_02_op_alias" name="test_op_alias_override_applies_arity" time="0.015" /><testcase classname="examples.06_intermediate_ops.test_03_op_payloads" name="test_custom_op_returns_payload" time="0.014" /><testcase classname="examples.06_intermediate_ops.test_03_op_payloads" name="test_custom_op_exposes_target_and_handler" time="0.015" /><testcase classname="examples.06_intermediate_ops.test_04_ops_defaults" name="test_default_ops_include_list" time="0.013" /><testcase classname="examples.06_intermediate_ops.test_04_ops_defaults" name="test_default_ops_include_read_and_create" time="0.013" /><testcase classname="examples.07-intermediate-decorators.test_07_01_schema_ctx" name="test_schema_ctx_attaches_schemas" time="0.010" /><testcase classname="examples.07-intermediate-decorators.test_07_02_op_ctx" name="test_op_ctx_registers_custom_alias" time="0.001" /><testcase classname="examples.07-intermediate-decorators.test_07_03_hook_ctx" name="test_hook_ctx_registers_hook" time="0.092" /><testcase classname="examples.07-intermediate-decorators.test_07_04_response_ctx" name="test_response_ctx_sets_response_spec" time="0.001" /><testcase classname="examples.07_intermediate_hooks.test_01_hook_ctx" name="test_hook_ctx_attaches_declarations" time="0.001" /><testcase classname="examples.07_intermediate_hooks.test_01_hook_ctx" name="test_hook_ctx_supports_multiple_phase_declarations" time="0.001" /><testcase classname="examples.07_intermediate_hooks.test_02_model_hook_binding" name="test_model_hooks_bind_on_rebind" time="0.014" /><testcase classname="examples.07_intermediate_hooks.test_02_model_hook_binding" name="test_model_hook_scopes_do_not_leak_to_other_ops" time="0.014" /><testcase classname="examples.07_intermediate_hooks.test_03_hook_order" name="test_hook_order_collects_multiple_hooks" time="0.014" /><testcase classname="examples.07_intermediate_hooks.test_03_hook_order" name="test_hook_order_preserves_declaration_sequence" time="0.015" /><testcase classname="examples.07_intermediate_hooks.test_04_hook_scopes" name="test_hook_scopes_apply_to_specific_ops" time="0.014" /><testcase classname="examples.07_intermediate_hooks.test_04_hook_scopes" name="test_hook_scopes_exclude_unlisted_ops" time="0.013" /><testcase classname="examples.08-intermediate-config.test_08_01_table_mro_precedence" name="test_table_mro_engine_precedence" time="0.001" /><testcase classname="examples.08-intermediate-config.test_08_02_table_mro_sequences" name="test_table_mro_sequence_merge" time="0.001" /><testcase classname="examples.08-intermediate-config.test_08_03_app_mro_precedence" name="test_app_mro_precedence" time="0.001" /><testcase classname="examples.08-intermediate-config.test_08_04_table_config_inheritance" name="test_table_config_inheritance" time="0.001" /><testcase classname="examples.08_intermediate_bindings.test_01_bind_rebind" name="test_bind_and_rebind_update_specs" time="0.011" /><testcase classname="examples.08_intermediate_bindings.test_01_bind_rebind" name="test_bind_populates_ops_index" time="0.012" /><testcase classname="examples.08_intermediate_bindings.test_02_build_schemas" name="test_build_schemas_returns_schema_map" time="0.010" /><testcase classname="examples.08_intermediate_bindings.test_02_build_schemas" name="test_build_schemas_creates_per_op_namespace" time="0.010" /><testcase classname="examples.08_intermediate_bindings.test_03_build_handlers" name="test_build_handlers_returns_handlers" time="0.011" /><testcase classname="examples.08_intermediate_bindings.test_03_build_handlers" name="test_build_handlers_creates_list_handler" time="0.011" /><testcase classname="examples.08_intermediate_bindings.test_04_register_rpc" name="test_register_rpc_returns_router" time="0.011" /><testcase classname="examples.08_intermediate_bindings.test_04_register_rpc" name="test_register_rpc_exposes_list_callable" time="0.010" /><testcase classname="examples.09-intermediate-ops-io.test_09_01_io_aliases" name="test_io_spec_aliases" time="0.001" /><testcase classname="examples.09-intermediate-ops-io.test_09_02_io_filters" name="test_io_spec_filters" time="0.001" /><testcase classname="examples.09-intermediate-ops-io.test_09_03_column_io_usage" name="test_column_io_metadata" time="0.001" /><testcase classname="examples.09-intermediate-ops-io.test_09_04_opspec_defaults" name="test_default_opspecs_include_list_and_read" time="0.010" /><testcase classname="examples.09_intermediate_config.test_01_app_spec_mro" name="test_app_spec_mro_prefers_subclass" time="0.002" /><testcase classname="examples.09_intermediate_config.test_01_app_spec_mro" name="test_app_spec_mro_merges_sequence_attributes" time="0.023" /><testcase classname="examples.10-intermediate-system.test_10_01_healthz" name="test_healthz_endpoint" time="1.181" /><testcase classname="examples.10-intermediate-system.test_10_02_hookz_methodz" name="test_hookz_and_methodz_endpoints" time="1.203" /><testcase classname="examples.10-intermediate-system.test_10_03_systemz_prefix" name="test_systemz_prefix_routes" time="1.190" /><testcase classname="examples.10-intermediate-system.test_10_04_openapi_system_paths" name="test_openapi_system_paths" time="1.279" /><testcase classname="examples.10_intermediate_clients.test_01_httpx_crud" name="test_httpx_crud_roundtrip" time="1.198" /><testcase classname="examples.10_intermediate_clients.test_01_httpx_crud" name="test_httpx_list_returns_collection" time="1.186" /><testcase classname="examples.10_intermediate_clients.test_02_tigrbl_client_parity" name="test_tigrbl_client_matches_httpx_response" time="1.603" /><testcase classname="examples.10_intermediate_clients.test_02_tigrbl_client_parity" name="test_tigrbl_client_list_returns_created_items" time="1.595" /><testcase classname="examples.10_intermediate_clients.test_03_openapi_schema" name="test_openapi_schema_contains_widget_paths" time="1.213" /><testcase classname="examples.10_intermediate_clients.test_03_openapi_schema" name="test_openapi_schema_includes_get_and_post" time="1.325" /><testcase classname="examples.10_intermediate_clients.test_04_rpc_calls" name="test_rpc_call_works_over_jsonrpc" time="1.362" /><testcase classname="examples.10_intermediate_clients.test_04_rpc_calls" name="test_rpc_list_reflects_rest_creates" time="1.606" /><testcase classname="examples.11-advanced-uvicorn.test_11_01_rest_update" name="test_rest_update_round_trip" time="1.189" /><testcase classname="examples.11-advanced-uvicorn.test_11_02_rest_list_delete" name="test_rest_list_and_delete" time="1.191" /><testcase classname="examples.11-advanced-uvicorn.test_11_03_kernelz_visibility" name="test_kernelz_includes_widget" time="1.205" /><testcase classname="examples.11-advanced-uvicorn.test_11_04_healthz" name="test_healthz_ok" time="1.208" /><testcase classname="examples.11_advanced_mapped_vs_nonmapped.test_01_mapped_columns" name="test_mapped_columns_use_typed_annotations" time="0.003" /><testcase classname="examples.11_advanced_mapped_vs_nonmapped.test_02_nonmapped_columns" name="test_nonmapped_columns_use_column_instances" time="0.002" /><testcase classname="examples.11_advanced_mapped_vs_nonmapped.test_03_mapped_mixins" name="test_mapped_mixins_extend_base_model" time="0.004" /><testcase classname="examples.11_advanced_mapped_vs_nonmapped.test_04_mapped_column_specs" name="test_mapped_column_specs_still_materialize_columns" time="0.002" /><testcase classname="examples.12-advanced-parity.test_12_01_rest_vs_client_rest" name="test_rest_and_client_rest_match" time="1.578" /><testcase classname="examples.12-advanced-parity.test_12_02_rpc_vs_httpx_rpc" name="test_rpc_parity_with_httpx" time="1.950" /><testcase classname="examples.12-advanced-parity.test_12_03_rpc_and_rest_ids" name="test_rest_and_rpc_ids_align" time="1.595" /><testcase classname="examples.12-advanced-parity.test_12_04_async_client" name="test_async_client_get" time="1.402" /><testcase classname="examples.12_advanced_mro_precedence.test_01_engine_precedence" name="test_engine_precedence_resolves_latest" time="0.002" /><testcase classname="examples.12_advanced_mro_precedence.test_02_prefix_precedence" name="test_prefix_precedence_overrides_parent" time="0.003" /><testcase classname="examples.12_advanced_mro_precedence.test_03_hooks_mro_merge" name="test_hook_sequence_merges_across_mro" time="0.002" /><testcase classname="examples.12_advanced_mro_precedence.test_04_ops_mro_merge" name="test_ops_sequence_merges_across_mro" time="0.002" /><testcase classname="examples.13-advanced-hooks.test_13_01_hook_post_response" name="test_hook_modifies_response" time="1.369" /><testcase classname="examples.13-advanced-hooks.test_13_02_hookz_endpoint" name="test_hookz_endpoint_lists_hooks" time="1.268" /><testcase classname="examples.13-advanced-hooks.test_13_03_kernelz_endpoint" name="test_kernelz_endpoint_lists_phases" time="1.240" /><testcase classname="examples.13-advanced-hooks.test_13_04_custom_op_hook" name="test_custom_op_with_hook" time="1.268" /><testcase classname="examples.13_advanced_custom_ops.test_01_custom_op_schema" name="test_custom_op_declares_schema_refs" time="0.030" /><testcase classname="examples.13_advanced_custom_ops.test_02_custom_op_rpc" name="test_custom_op_via_rpc" time="1.552" /><testcase classname="examples.13_advanced_custom_ops.test_03_custom_op_rest" name="test_custom_op_exposed_on_rest_routes" time="1.189" /><testcase classname="examples.13_advanced_custom_ops.test_04_custom_op_hooks" name="test_custom_op_hooks_register" time="0.017" /><testcase classname="examples.14-advanced-column-types.test_14_01_scalar_types" name="test_scalar_column_types" time="0.001" /><testcase classname="examples.14-advanced-column-types.test_14_02_text_json_types" name="test_text_json_and_temporal_types" time="0.001" /><testcase classname="examples.14-advanced-column-types.test_14_03_binary_array_types" name="test_binary_and_array_types" time="0.000" /><testcase classname="examples.14-advanced-column-types.test_14_04_postgres_types" name="test_database_specific_types" time="0.001" /><testcase classname="examples.14_advanced_uvicorn_e2e.test_01_uvicorn_healthz" name="test_uvicorn_healthz_endpoint" time="1.380" /><testcase classname="examples.14_advanced_uvicorn_e2e.test_02_uvicorn_kernelz" name="test_uvicorn_kernelz_endpoint" time="1.397" /><testcase classname="examples.14_advanced_uvicorn_e2e.test_03_uvicorn_systemz" name="test_uvicorn_systemz_route" time="1.230" /><testcase classname="examples.14_advanced_uvicorn_e2e.test_04_uvicorn_rpc_rest_parity" name="test_rpc_and_rest_parity_with_uvicorn" time="1.745" /><testcase classname="examples.15-advanced-table-design.test_15_01_table_args" name="test_table_args_multiple_constraints" time="0.001" /><testcase classname="examples.15-advanced-table-design.test_15_02_default_factory" name="test_default_factory_for_column_spec" time="0.001" /><testcase classname="examples.15-advanced-table-design.test_15_03_read_producer" name="test_virtual_column_read_producer" time="0.001" /><testcase classname="examples.15-advanced-table-design.test_15_04_mixin_and_cols" name="test_mixin_and_custom_columns" time="0.002" /><testcase classname="examples.15_advanced_diagnostics.test_01_diagnostics_openapi" name="test_diagnostics_show_in_openapi_schema" time="1.263" /><testcase classname="examples.15_advanced_diagnostics.test_02_diagnostics_methodz" name="test_diagnostics_methodz_lists_operations" time="1.247" /><testcase classname="examples.15_advanced_diagnostics.test_03_diagnostics_hookz" name="test_diagnostics_hookz_reports_hooks" time="1.250" /><testcase classname="examples.15_advanced_diagnostics.test_04_diagnostics_kernel_payload" name="test_kernelz_returns_operation_plan" time="1.258" /><testcase classname="examples.16_expert_table_bindings.test_01_table_registry" name="test_table_binding_registers_table_on_router" time="0.015" /><testcase classname="examples.16_expert_table_bindings.test_01_table_registry" name="test_table_registry_respects_model_identity" time="0.012" /><testcase classname="examples.16_expert_table_bindings.test_02_table_models" name="test_table_binding_registers_model" time="0.012" /><testcase classname="examples.16_expert_table_bindings.test_02_table_models" name="test_model_registry_supports_multiple_models" time="0.022" /><testcase classname="examples.16_expert_table_bindings.test_03_table_router_binding" name="test_table_binding_attaches_rest_router" time="0.011" /><testcase classname="examples.16_expert_table_bindings.test_03_table_router_binding" name="test_router_registry_tracks_model_alias" time="0.011" /><testcase classname="examples.16_expert_table_bindings.test_04_table_config_binding" name="test_table_binding_reads_table_config" time="0.012" /><testcase classname="examples.16_expert_table_bindings.test_04_table_config_binding" name="test_table_config_registry_is_model_specific" time="0.022" /><testcase classname="examples.17_expert_column_bindings.test_01_column_specs" name="test_column_specs_bound_on_model" time="0.011" /><testcase classname="examples.17_expert_column_bindings.test_01_column_specs" name="test_column_specs_expose_field_metadata" time="0.010" /><testcase classname="examples.17_expert_column_bindings.test_02_sqla_columns" name="test_column_specs_materialize_sqla_columns" time="0.002" /><testcase classname="examples.17_expert_column_bindings.test_02_sqla_columns" name="test_materialized_columns_preserve_table_name" time="0.002" /><testcase classname="examples.17_expert_column_bindings.test_03_column_namespace" name="test_column_namespace_exposes_specs" time="0.002" /><testcase classname="examples.17_expert_column_bindings.test_03_column_namespace" name="test_column_namespace_includes_field_and_storage" time="0.002" /><testcase classname="examples.17_expert_column_bindings.test_04_mixin_columns" name="test_column_binding_includes_mixin_specs" time="0.012" /><testcase classname="examples.17_expert_column_bindings.test_04_mixin_columns" name="test_mixin_column_spec_matches_table_column" time="0.011" /><testcase classname="examples.17_intermediate_relationships.test_01_one_to_many_relationship" name="test_one_to_many_relationship_via_rest" time="1.279" /><testcase classname="examples.17_intermediate_relationships.test_02_one_to_one_relationship" name="test_one_to_one_relationship_via_rest" time="1.271" /><testcase classname="examples.17_intermediate_relationships.test_03_many_to_many_relationship" name="test_many_to_many_relationship_via_rest" time="1.588" /><testcase classname="examples.17_intermediate_relationships.test_04_self_referential_relationship" name="test_self_referential_relationship_via_rest" time="1.297" /><testcase classname="examples.17_intermediate_relationships.test_05_one_to_one_storage_field_io_client" name="test_one_to_one_relationship_storage_field_io_client_experience" time="1.958" /><testcase classname="examples.17_intermediate_relationships.test_06_one_to_many_storage_field_io_client" name="test_one_to_many_relationship_storage_field_io_client_experience" time="1.799" /><testcase classname="examples.17_intermediate_relationships.test_07_many_to_many_storage_field_io_client" name="test_many_to_many_relationship_storage_field_io_client_experience" time="1.824" /><testcase classname="examples.18_expert_api_bindings.test_01_api_namespaces" name="test_router_binding_attaches_namespaces" time="0.013" /><testcase classname="examples.18_expert_api_bindings.test_01_api_namespaces" name="test_router_namespace_entries_are_model_scoped" time="0.012" /><testcase classname="examples.18_expert_api_bindings.test_02_api_bulk_include" name="test_router_binding_includes_multiple_models" time="0.021" /><testcase classname="examples.18_expert_api_bindings.test_02_api_bulk_include" name="test_bulk_include_populates_schema_namespaces" time="0.024" /><testcase classname="examples.18_expert_api_bindings.test_03_api_jsonrpc_mount" name="test_app_binding_mounts_jsonrpc_router" time="0.013" /><testcase classname="examples.18_expert_api_bindings.test_03_api_jsonrpc_mount" name="test_jsonrpc_mount_uses_configured_prefix" time="0.013" /><testcase classname="examples.18_expert_api_bindings.test_04_api_diagnostics_mount" name="test_router_binding_mounts_diagnostics_router" time="0.014" /><testcase classname="examples.18_expert_api_bindings.test_04_api_diagnostics_mount" name="test_router_diagnostics_mounts_on_app_namespace" time="0.015" /><testcase classname="examples.19_expert_app_bindings.test_01_app_model_router" name="test_app_binding_attaches_model_router" time="0.014" /><testcase classname="examples.19_expert_app_bindings.test_01_app_model_router" name="test_app_router_registry_keeps_model_name" time="0.013" /><testcase classname="examples.19_expert_app_bindings.test_02_app_bulk_include" name="test_app_binding_includes_multiple_models" time="0.026" /><testcase classname="examples.19_expert_app_bindings.test_02_app_bulk_include" name="test_app_model_registry_exposes_named_entries" time="0.023" /><testcase classname="examples.19_expert_app_bindings.test_03_app_jsonrpc_mount" name="test_app_binding_mounts_jsonrpc_router" time="0.013" /><testcase classname="examples.19_expert_app_bindings.test_03_app_jsonrpc_mount" name="test_app_jsonrpc_mount_uses_prefix_setting" time="0.014" /><testcase classname="examples.19_expert_app_bindings.test_04_app_diagnostics_mount" name="test_app_binding_mounts_diagnostics_router" time="0.014" /><testcase classname="examples.19_expert_app_bindings.test_04_app_diagnostics_mount" name="test_app_diagnostics_attach_to_host_routes" time="0.014" /><testcase classname="examples.20_expert_hook_op_engine_bindings.test_01_model_hook_binding" name="test_model_hook_binding_populates_phase_chain" time="0.011" /><testcase classname="examples.20_expert_hook_op_engine_bindings.test_01_model_hook_binding" name="test_model_hook_namespace_exposes_phase_lists" time="0.011" /><testcase classname="examples.20_expert_hook_op_engine_bindings.test_02_api_hook_binding" name="test_router_hook_binding_merges_into_model" time="0.013" /><testcase classname="examples.20_expert_hook_op_engine_bindings.test_02_api_hook_binding" name="test_router_hook_binding_respects_alias_namespace" time="0.012" /><testcase classname="examples.20_expert_hook_op_engine_bindings.test_03_custom_op_binding" name="test_custom_op_binding_registers_op" time="0.012" /><testcase classname="examples.20_expert_hook_op_engine_bindings.test_03_custom_op_binding" name="test_custom_op_binding_populates_model_registry" time="0.012" /><testcase classname="examples.20_expert_hook_op_engine_bindings.test_04_engine_ctx_binding" name="test_engine_ctx_binding_sets_op_and_table_config" time="0.010" /><testcase classname="examples.20_expert_hook_op_engine_bindings.test_04_engine_ctx_binding" name="test_engine_ctx_binding_preserves_method_metadata" time="0.011" /><testcase classname="examples.20_expert_mounts.test_01_api_mount_favico" name="test_router_mount_favicon_default_route" time="0.050" /><testcase classname="examples.20_expert_mounts.test_01_api_mount_favico" name="test_router_mount_favicon_custom_route" time="0.050" /><testcase classname="examples.20_expert_mounts.test_02_app_mount_favico" name="test_app_mount_favicon_default_route" time="0.050" /><testcase classname="examples.20_expert_mounts.test_02_app_mount_favico" name="test_app_mount_favicon_custom_route" time="0.050" /><testcase classname="examples.21_expert_security.test_01_authn_openapi_security" name="test_openapi_security_from_app_authn_dependency" time="1.261" /><testcase classname="examples.21_expert_security.test_01_authn_openapi_security" name="test_openapi_security_from_router_authn_dependency" time="1.253" /><testcase classname="examples.21_expert_security.test_01_authn_openapi_security" name="test_app_set_auth_updates_auth_configuration" time="0.002" /><testcase classname="examples.21_expert_security.test_01_authn_openapi_security" name="test_app_set_auth_refreshes_security_for_preincluded_tables" time="0.022" /><testcase classname="examples.21_expert_security.test_02_secdeps_openapi_security" name="test_openapi_security_from_op_secdeps_on_mounted_api" time="1.242" /><testcase classname="examples.21_expert_security.test_03_app_secdeps_construction" name="test_openapi_security_from_app_constructor_deps" time="1.461" /><testcase classname="examples.21_expert_security.test_04_api_secdeps_construction" name="test_openapi_security_from_router_constructor_deps" time="1.256" /><testcase classname="examples.21_expert_security.test_05_app_api_secdeps_precedence" name="test_openapi_security_from_app_and_router_deps" time="1.328" /><testcase classname="examples.21_expert_security.test_06_set_auth_header_gate" name="test_set_auth_header_gate_for_rest_paths" time="1.355" /><testcase classname="examples.21_expert_security.test_06_set_auth_header_gate" name="test_set_auth_header_gate_for_rpc_methods" time="1.351" /><testcase classname="examples.22_expert_document_versioning.test_01_document_versions_one_to_many" name="test_document_versions_one_to_many" time="1.744" /><testcase classname="examples.22_expert_document_versioning.test_02_document_versions_one_to_one" name="test_document_versions_one_to_one_current_pointer" time="1.747" /><testcase classname="examples.22_expert_document_versioning.test_03_document_versions_many_to_many" name="test_document_versions_many_to_many_links" time="1.829" /><testcase classname="examples.22_expert_document_versioning.test_04_document_versions_self_referential" name="test_document_versions_self_referential_lineage" time="1.726" /><testcase classname="tests.architecture.test_import_graph_audit" name="test_runtime_and_core_are_transport_agnostic" time="0.007" /><testcase classname="tests.architecture.test_import_graph_audit" name="test_transport_surface_files_are_fast_broken_removed" time="0.002" /><testcase classname="tests.architecture.test_no_bindings_imports" name="test_no_tests_import_from_bindings" time="0.480" /><testcase classname="tests.architecture.test_operation_resolution_parity" name="test_tigrbl_dispatch_exports_removed" time="0.002" /><testcase classname="tests.architecture.test_runtime_structure" name="test_dependency_invoke_is_runtime_event_anchor" time="0.001" /><testcase classname="tests.architecture.test_runtime_structure" name="test_runtime_gateway_owns_runtime_entrypoint_and_send" time="0.001" /><testcase classname="tests.architecture.test_runtime_structure" name="test_docs_generation_reads_secdeps_metadata" time="0.001" /><testcase classname="tests.architecture.test_trace_plan_parity" name="test_legacy_transport_dispatcher_file_absent" time="0.001" /><testcase classname="tests.architecture.test_transport_boundaries" name="test_transport_boundary_removed_modules_absent" time="0.002" /><testcase classname="tests.architecture.test_transport_dispatch_convergence" name="test_gateway_runtime_module_removed" time="0.001" /><testcase classname="tests.architecture.test_transport_dispatch_convergence" name="test_mapping_does_not_import_dispatch_modules" time="0.018" /><testcase classname="tests.architecture.test_transport_dispatch_convergence" name="test_mapping_layers_return_operation_envelopes_without_invoke_calls" time="0.001" /><testcase classname="tests.architecture.test_transport_dispatch_convergence" name="test_removed_transport_dispatcher_files_are_absent" time="0.001" /><testcase classname="tests.harness.test_00_appspec_contract" name="test_appspec_can_materialize_app_instance" time="0.003" /><testcase classname="tests.harness.test_00_appspec_contract" name="test_appspec_can_override_rpc_prefix_only_when_rpc_is_present" time="0.004" /><testcase classname="tests.harness.test_00_appspec_contract" name="test_appspec_does_not_mount_rpc_when_no_rpc_bindings_exist" time="0.003" /><testcase classname="tests.harness.test_01_kernel_plan_compilation" name="test_compile_kernel_plan_indexes_rest_and_jsonrpc_bindings" time="0.014" /><testcase classname="tests.harness.test_01_kernel_plan_compilation" name="test_kernel_plan_roundtrips_opkey_to_meta" time="0.013" /><testcase classname="tests.harness.test_01_kernel_plan_compilation" name="test_compile_kernel_plan_from_app_spec_includes_all_operation_bindings" time="0.012" /><testcase classname="tests.harness.test_02_bootstrap_plan" name="test_kernel_compiles_bootstrap_plan_with_required_anchors" time="0.011" /><testcase classname="tests.harness.test_03_appspec_uvicorn_e2e" name="test_appspec_to_uvicorn_rest_and_rpc_roundtrip" time="0.493" /><testcase classname="tests.harness_e2e.test_00_appspec_uvicorn_rest_rpc" name="test_appspec_to_uvicorn_to_rest_client_e2e" time="1.367" /><testcase classname="tests.harness_e2e.test_00_appspec_uvicorn_rest_rpc" name="test_appspec_to_uvicorn_to_rpc_client_e2e" time="1.521" /><testcase classname="tests.harness_e2e.test_00_appspec_uvicorn_rest_rpc" name="test_appspec_to_uvicorn_rest_and_rpc_parity_e2e" time="1.958" /><testcase classname="tests.harness_e2e.test_01_imperative_uvicorn_rest_rpc" name="test_imperative_to_uvicorn_to_rest_client_e2e" time="1.244" /><testcase classname="tests.harness_e2e.test_01_imperative_uvicorn_rest_rpc" name="test_imperative_to_uvicorn_to_rpc_client_e2e" time="1.869" /><testcase classname="tests.harness_e2e.test_01_imperative_uvicorn_rest_rpc" name="test_imperative_to_uvicorn_rest_and_rpc_parity_e2e" time="1.675" /><testcase classname="tests.harness_v3.test_appspec_prefixes" name="test_appspec_prefixes_materialize_on_app_instance" time="0.002" /><testcase classname="tests.harness_v3.test_appspec_prefixes" name="test_openrpc_servers_uses_jsonrpc_prefix" time="0.003" /><testcase classname="tests.harness_v3.test_appspec_prefixes" name="test_mount_jsonrpc_sets_prefix_and_does_not_require_routes" time="0.002" /><testcase classname="tests.harness_v3.test_bootstrap_kernel_compilation" name="test_kernel_ensure_primed_compiles_plan_once" time="0.056" /><testcase classname="tests.harness_v3.test_bootstrap_kernel_compilation" name="test_opview_is_compiled_once_per_model_alias" time="0.015" /><testcase classname="tests.harness_v3.test_default_opspec_bindings" name="test_include_table_builds_default_opspecs_and_bindings" time="0.013" /><testcase classname="tests.harness_v3.test_default_opspec_bindings" name="test_model_initialize_is_awaitable_or_sync" time="0.016" /><testcase classname="tests.harness_v3.test_kernel_plan_routing" name="test_kernel_plan_compiles_rest_and_rpc_indices" time="0.057" /><testcase classname="tests.harness_v3.test_kernel_plan_routing" name="test_route_atom_matcher_resolves_collection_and_member_paths" time="0.000"><skipped type="pytest.skip" message="binding_match atom removed in refactor">E:\swarmauri_github\tigrbl\pkgs\core\tigrbl_tests\tests\harness_v3\test_kernel_plan_routing.py:50: binding_match atom removed in refactor</skipped></testcase><testcase classname="tests.harness_v3.test_kernel_plan_routing" name="test_route_atom_matcher_returns_not_found_for_misses[GET-/unknown]" time="0.000"><skipped type="pytest.skip" message="binding_match atom removed in refactor">E:\swarmauri_github\tigrbl\pkgs\core\tigrbl_tests\tests\harness_v3\test_kernel_plan_routing.py:55: binding_match atom removed in refactor</skipped></testcase><testcase classname="tests.harness_v3.test_kernel_plan_routing" name="test_route_atom_matcher_returns_not_found_for_misses[POST-/widget/abc]" time="0.000"><skipped type="pytest.skip" message="binding_match atom removed in refactor">E:\swarmauri_github\tigrbl\pkgs\core\tigrbl_tests\tests\harness_v3\test_kernel_plan_routing.py:55: binding_match atom removed in refactor</skipped></testcase><testcase classname="tests.harness_v3.test_kernel_plan_routing" name="test_route_atom_matcher_returns_not_found_for_misses[PATCH-/widget]" time="0.000"><skipped type="pytest.skip" message="binding_match atom removed in refactor">E:\swarmauri_github\tigrbl\pkgs\core\tigrbl_tests\tests\harness_v3\test_kernel_plan_routing.py:55: binding_match atom removed in refactor</skipped></testcase><testcase classname="tests.harness_v3.test_mapping_plan_compilation" name="test_mapping_compile_plan_step_order_is_canonical" time="0.001" /><testcase classname="tests.harness_v3.test_mapping_plan_compilation" name="test_mapping_plan_produces_visible_specs_for_default_ops" time="0.002" /><testcase classname="tests.harness_v3.test_uvicorn_e2e_appspec" name="test_appspec_to_uvicorn_rest_and_rpc_roundtrip" time="1.416" /><testcase classname="tests.hooks.test_hook_ctx_phase_validation" name="test_hook_ctx_valid_string_phase_does_not_raise" time="0.001" /><testcase classname="tests.hooks.test_hook_ctx_phase_validation" name="test_hook_ctx_invalid_string_phase_raises_immediately" time="0.001" /><testcase classname="tests.hooks.test_hook_ctx_phase_validation" name="test_hook_ctx_valid_enum_phase_does_not_raise" time="0.001" /><testcase classname="tests.hooks.test_hook_ctx_phase_validation" name="test_hook_ctx_invalid_enum_phase_raises_immediately" time="0.001" /><testcase classname="tests.i9n.test_acronym_route_name" name="test_acronym_model_route_name_uses_compact_lowercase_resource" time="0.003" /><testcase classname="tests.i9n.test_acronym_route_name" name="test_resource_name_uses_explicit_resource_override" time="0.002" /><testcase classname="tests.i9n.test_allow_anon" name="test_allow_anon_list_and_read" time="0.113" /><testcase classname="tests.i9n.test_allow_anon" name="test_openapi_marks_anon_and_protected_routes" time="0.100" /><testcase classname="tests.i9n.test_allow_anon" name="test_allow_anon_create_method" time="0.094" /><testcase classname="tests.i9n.test_allow_anon" name="test_allow_anon_create_attr_noauth" time="0.094" /><testcase classname="tests.i9n.test_allow_anon" name="test_allow_anon_list_and_read_attr" time="0.109" /><testcase classname="tests.i9n.test_apikey_generation" name="test_router_key_creation_requires_valid_payload" time="0.261" /><testcase classname="tests.i9n.test_authn_provider_integration" name="test_authn_hooks_and_context_injection" time="0.068" /><testcase classname="tests.i9n.test_authn_provider_integration" name="test_authn_unauthorized_errors" time="0.068"><failure message="AssertionError: assert 401 == 403&#10; +  where 401 = &lt;Response [401 Unauthorized]&gt;.status_code&#10; +    where &lt;Response [401 Unauthorized]&gt; = get('/tenant')&#10; +      where get = &lt;httpx.Client object at 0x0000018C99437D10&gt;.get">pkgs\core\tigrbl_tests\tests\i9n\test_authn_provider_integration.py:68: in test_authn_unauthorized_errors
    assert client.get("/tenant").status_code == 403
E   AssertionError: assert 401 == 403
E    +  where 401 = &lt;Response [401 Unauthorized]&gt;.status_code
E    +    where &lt;Response [401 Unauthorized]&gt; = get('/tenant')
E    +      where get = &lt;httpx.Client object at 0x0000018C99437D10&gt;.get</failure></testcase><testcase classname="tests.i9n.test_bindings_integration" name="test_include_table_and_rpc_call" time="0.001"><skipped type="pytest.xfail" message="Known intermittent uvicorn integration failure under full-suite run" /></testcase><testcase classname="tests.i9n.test_bindings_integration" name="test_include_tables" time="0.001"><skipped type="pytest.xfail" message="Known intermittent uvicorn integration failure under full-suite run" /></testcase><testcase classname="tests.i9n.test_bindings_integration" name="test_bind_and_rebind" time="0.010" /><testcase classname="tests.i9n.test_bindings_modules" name="test_columns_build_and_attach" time="0.003" /><testcase classname="tests.i9n.test_bindings_modules" name="test_schemas_build_and_attach" time="0.011" /><testcase classname="tests.i9n.test_bindings_modules" name="test_hooks_normalize_and_attach" time="0.003" /><testcase classname="tests.i9n.test_bindings_modules" name="test_handlers_build_and_attach" time="0.003" /><testcase classname="tests.i9n.test_bindings_modules" name="test_rpc_register_and_attach" time="0.012" /><testcase classname="tests.i9n.test_bindings_modules" name="test_rest_build_router_and_attach" time="0.012" /><testcase classname="tests.i9n.test_bindings_modules" name="test_model_bind_and_rebind" time="0.012" /><testcase classname="tests.i9n.test_bindings_modules" name="test_router_include_and_rpc_call_returns_operation_envelope" time="0.014" /><testcase classname="tests.i9n.test_bindings_modules" name="test_column_spec_io_flags" time="0.001" /><testcase classname="tests.i9n.test_bulk_docs_client" name="test_openapi_client_create_request_schema_contains_object" time="0.051" /><testcase classname="tests.i9n.test_bulk_docs_client" name="test_openapi_client_bulk_create_response_schema" time="0.049" /><testcase classname="tests.i9n.test_bulk_docs_client" name="test_openapi_client_bulk_delete_response_schema" time="0.049" /><testcase classname="tests.i9n.test_core_access" name="test_app_exposes_core_proxies" time="0.017" /><testcase classname="tests.i9n.test_core_access" name="test_core_and_core_raw_sync_operations" time="0.018"><skipped type="pytest.xfail" message="Known intermittent uvicorn integration failure under full-suite run" /></testcase><testcase classname="tests.i9n.test_core_access" name="test_core_read_not_found" time="0.015" /><testcase classname="tests.i9n.test_core_access" name="test_async_app_initializes" time="0.015" /><testcase classname="tests.i9n.test_engine_install_uvicorn" name="test_engine_server_rest_and_jsonrpc_calls" time="0.606" /><testcase classname="tests.i9n.test_engine_resolver_uvicorn" name="test_tigrblapp_multi_table_engine_precedence_uvicorn" time="0.636" /><testcase classname="tests.i9n.test_engine_resolver_uvicorn" name="test_tigrblrouter_multi_table_engine_binding_uvicorn" time="0.783" /><testcase classname="tests.i9n.test_engine_resolver_uvicorn" name="test_multi_router_precedence_dedupe_and_op_engine_uvicorn" time="0.668" /><testcase classname="tests.i9n.test_error_mappings" name="test_http_to_rpc_error_mapping" time="0.002" /><testcase classname="tests.i9n.test_error_mappings" name="test_rpc_to_http_error_mapping" time="0.002" /><testcase classname="tests.i9n.test_error_mappings" name="test_error_message_standardization" time="0.002" /><testcase classname="tests.i9n.test_error_mappings" name="test_http_exc_to_rpc_conversion" time="0.002" /><testcase classname="tests.i9n.test_error_mappings" name="test_rpc_error_to_http_conversion" time="0.002" /><testcase classname="tests.i9n.test_error_mappings" name="test_create_standardized_error" time="0.002" /><testcase classname="tests.i9n.test_error_mappings" name="test_error_parity_crud_vs_rpc[sync]" time="0.134" /><testcase classname="tests.i9n.test_error_mappings" name="test_error_parity_crud_vs_rpc[async]" time="0.163" /><testcase classname="tests.i9n.test_error_mappings" name="test_error_parity_validation_errors[sync]" time="0.117" /><testcase classname="tests.i9n.test_error_mappings" name="test_error_parity_validation_errors[async]" time="0.130" /><testcase classname="tests.i9n.test_error_mappings" name="test_error_mapping_bidirectional_consistency" time="0.002" /><testcase classname="tests.i9n.test_error_mappings" name="test_error_response_structure[sync]" time="0.110" /><testcase classname="tests.i9n.test_error_mappings" name="test_error_response_structure[async]" time="0.125" /><testcase classname="tests.i9n.test_error_mappings" name="test_custom_error_messages_preserved" time="0.002" /><testcase classname="tests.i9n.test_error_mappings" name="test_error_mapping_completeness" time="0.002" /><testcase classname="tests.i9n.test_field_spec_effects" name="test_field_spec_openapi" time="0.302" /><testcase classname="tests.i9n.test_field_spec_effects" name="test_field_spec_column_length" time="0.016" /><testcase classname="tests.i9n.test_field_spec_effects" name="test_field_spec_rest_required" time="0.068" /><testcase classname="tests.i9n.test_field_spec_effects" name="test_field_spec_allow_null_update" time="0.076" /><testcase classname="tests.i9n.test_field_spec_effects" name="test_field_spec_rpc_required" time="0.030" /><testcase classname="tests.i9n.test_field_spec_effects" name="test_field_spec_core_crud_create" time="0.030" /><testcase classname="tests.i9n.test_field_spec_effects" name="test_field_spec_collect_in_atom" time="0.017" /><testcase classname="tests.i9n.test_header_io_uvicorn" name="test_header_in_out[headers0-201-body]" time="0.590" /><testcase classname="tests.i9n.test_header_io_uvicorn" name="test_header_in_out[headers1-201-body]" time="0.582" /><testcase classname="tests.i9n.test_healthz_methodz_hookz" name="test_healthz_endpoint_comprehensive[sync]" time="0.109" /><testcase classname="tests.i9n.test_healthz_methodz_hookz" name="test_healthz_endpoint_comprehensive[async]" time="0.120" /><testcase classname="tests.i9n.test_healthz_methodz_hookz" name="test_methodz_endpoint_comprehensive[sync]" time="0.104" /><testcase classname="tests.i9n.test_healthz_methodz_hookz" name="test_methodz_endpoint_comprehensive[async]" time="0.119" /><testcase classname="tests.i9n.test_healthz_methodz_hookz" name="test_hookz_endpoint_comprehensive[sync]" time="0.110" /><testcase classname="tests.i9n.test_healthz_methodz_hookz" name="test_hookz_endpoint_comprehensive[async]" time="0.127" /><testcase classname="tests.i9n.test_healthz_methodz_hookz" name="test_methodz_basic_functionality[sync]" time="0.428" /><testcase classname="tests.i9n.test_healthz_methodz_hookz" name="test_methodz_basic_functionality[async]" time="0.127" /><testcase classname="tests.i9n.test_healthz_methodz_hookz" name="test_healthz_methodz_hookz_in_openapi_schema[sync]" time="0.118" /><testcase classname="tests.i9n.test_healthz_methodz_hookz" name="test_healthz_methodz_hookz_in_openapi_schema[async]" time="0.130" /><testcase classname="tests.i9n.test_healthz_methodz_hookz" name="test_healthz_database_error_handling[sync]" time="0.114" /><testcase classname="tests.i9n.test_healthz_methodz_hookz" name="test_healthz_database_error_handling[async]" time="0.138" /><testcase classname="tests.i9n.test_healthz_methodz_hookz" name="test_methodz_reflects_dynamic_models[sync]" time="0.118" /><testcase classname="tests.i9n.test_healthz_methodz_hookz" name="test_methodz_reflects_dynamic_models[async]" time="0.122" /><testcase classname="tests.i9n.test_healthz_methodz_hookz" name="test_endpoints_are_synchronous[sync]" time="0.124" /><testcase classname="tests.i9n.test_healthz_methodz_hookz" name="test_endpoints_are_synchronous[async]" time="0.435" /><testcase classname="tests.i9n.test_hook_ctx_v3_i9n" name="test_hook_ctx_binding_i9n" time="0.016" /><testcase classname="tests.i9n.test_hook_ctx_v3_i9n" name="test_hook_ctx_request_response_schema_i9n" time="0.068" /><testcase classname="tests.i9n.test_hook_ctx_v3_i9n" name="test_hook_ctx_columns_i9n" time="0.070" /><testcase classname="tests.i9n.test_hook_ctx_v3_i9n" name="test_hook_ctx_defaults_resolution_i9n" time="0.070" /><testcase classname="tests.i9n.test_hook_ctx_v3_i9n" name="test_hook_ctx_internal_model_i9n" time="0.070" /><testcase classname="tests.i9n.test_hook_ctx_v3_i9n" name="test_hook_ctx_openapi_json_i9n" time="0.071" /><testcase classname="tests.i9n.test_hook_ctx_v3_i9n" name="test_hook_ctx_storage_sqlalchemy_i9n" time="0.071" /><testcase classname="tests.i9n.test_hook_ctx_v3_i9n" name="test_hook_ctx_rest_call_i9n" time="0.068" /><testcase classname="tests.i9n.test_hook_ctx_v3_i9n" name="test_hook_ctx_rpc_method_i9n" time="0.068" /><testcase classname="tests.i9n.test_hook_ctx_v3_i9n" name="test_hook_ctx_core_crud_i9n" time="0.027" /><testcase classname="tests.i9n.test_hook_ctx_v3_i9n" name="test_hook_ctx_hookz_i9n" time="0.066" /><testcase classname="tests.i9n.test_hook_ctx_v3_i9n" name="test_hook_ctx_atomz_i9n" time="0.067" /><testcase classname="tests.i9n.test_hook_ctx_v3_i9n" name="test_hook_ctx_system_steps_i9n" time="0.068" /><testcase classname="tests.i9n.test_hook_lifecycle" name="test_hook_phases_execution_order[sync]" time="0.099" /><testcase classname="tests.i9n.test_hook_lifecycle" name="test_hook_phases_execution_order[async]" time="0.106" /><testcase classname="tests.i9n.test_hook_lifecycle" name="test_hook_parity_crud_vs_rpc[sync]" time="0.361" /><testcase classname="tests.i9n.test_hook_lifecycle" name="test_hook_parity_crud_vs_rpc[async]" time="0.115" /><testcase classname="tests.i9n.test_hook_lifecycle" name="test_hook_error_handling[sync]" time="0.096" /><testcase classname="tests.i9n.test_hook_lifecycle" name="test_hook_error_handling[async]" time="0.101" /><testcase classname="tests.i9n.test_hook_lifecycle" name="test_hook_early_termination_and_cleanup[sync]" time="0.114" /><testcase classname="tests.i9n.test_hook_lifecycle" name="test_hook_early_termination_and_cleanup[async]" time="0.119" /><testcase classname="tests.i9n.test_hook_lifecycle" name="test_hook_context_modification[sync]" time="0.098" /><testcase classname="tests.i9n.test_hook_lifecycle" name="test_hook_context_modification[async]" time="0.105" /><testcase classname="tests.i9n.test_hook_lifecycle" name="test_catch_all_hooks[sync]" time="0.126" /><testcase classname="tests.i9n.test_hook_lifecycle" name="test_catch_all_hooks[async]" time="0.139" /><testcase classname="tests.i9n.test_hook_lifecycle" name="test_multiple_hooks_same_phase[sync]" time="0.098" /><testcase classname="tests.i9n.test_hook_lifecycle" name="test_multiple_hooks_same_phase[async]" time="0.103" /><testcase classname="tests.i9n.test_iospec_attributes" name="test_request_and_response_schemas_respect_iospec_aliases" time="0.011" /><testcase classname="tests.i9n.test_iospec_attributes" name="test_columns_materialized_for_acol" time="0.011" /><testcase classname="tests.i9n.test_iospec_attributes" name="test_default_factory_resolves_missing_value" time="0.010" /><testcase classname="tests.i9n.test_iospec_attributes" name="test_binding_attaches_internal_model_namespaces" time="0.012" /><testcase classname="tests.i9n.test_iospec_attributes" name="test_openapi_reflects_io_verbs" time="0.008" /><testcase classname="tests.i9n.test_iospec_attributes" name="test_storage_and_sqlalchemy_integration" time="0.013" /><testcase classname="tests.i9n.test_iospec_attributes" name="test_rest_call_respects_aliases" time="0.351" /><testcase classname="tests.i9n.test_iospec_attributes" name="test_rpc_call_uses_schemas" time="0.012" /><testcase classname="tests.i9n.test_iospec_attributes" name="test_core_crud_helpers_operate" time="0.029" /><testcase classname="tests.i9n.test_iospec_attributes" name="test_hooks_trigger_with_iospec" time="0.013" /><testcase classname="tests.i9n.test_iospec_attributes" name="test_atoms_execute_with_iospec" time="0.010" /><testcase classname="tests.i9n.test_iospec_attributes" name="test_system_phase_chain_includes_system_steps" time="0.018" /><testcase classname="tests.i9n.test_iospec_integration" name="test_request_schema_reflects_io_spec" time="0.016" /><testcase classname="tests.i9n.test_iospec_integration" name="test_response_schema_reflects_io_spec" time="0.006" /><testcase classname="tests.i9n.test_iospec_integration" name="test_columns_store_io_spec" time="0.008" /><testcase classname="tests.i9n.test_iospec_integration" name="test_default_factory_resolution" time="0.006" /><testcase classname="tests.i9n.test_iospec_integration" name="test_orm_model_carries_io_spec" time="0.006" /><testcase classname="tests.i9n.test_iospec_integration" name="test_openapp_reflects_io_spec" time="0.058" /><testcase classname="tests.i9n.test_iospec_integration" name="test_storage_persists_data" time="0.067" /><testcase classname="tests.i9n.test_iospec_integration" name="test_rest_calls_honor_io_spec" time="0.072" /><testcase classname="tests.i9n.test_iospec_integration" name="test_rpc_methods_honor_io_spec" time="0.059" /><testcase classname="tests.i9n.test_iospec_integration" name="test_core_crud_binding" time="0.006" /><testcase classname="tests.i9n.test_iospec_integration" name="test_hookz_reports_operations" time="0.056" /><testcase classname="tests.i9n.test_iospec_integration" name="test_kernelz_lists_atoms_and_steps" time="0.056" /><testcase classname="tests.i9n.test_jsonrpc_batch_behavior" name="test_jsonrpc_batch_executes_in_order[sync]" time="0.105" /><testcase classname="tests.i9n.test_jsonrpc_batch_behavior" name="test_jsonrpc_batch_executes_in_order[async]" time="0.132" /><testcase classname="tests.i9n.test_jsonrpc_batch_behavior" name="test_jsonrpc_batch_reports_errors_per_item[sync]" time="0.111" /><testcase classname="tests.i9n.test_jsonrpc_batch_behavior" name="test_jsonrpc_batch_reports_errors_per_item[async]" time="0.129" /><testcase classname="tests.i9n.test_key_digest_uvicorn" name="test_create_apikey_success" time="0.516" /><testcase classname="tests.i9n.test_key_digest_uvicorn" name="test_create_response_fields" time="0.612"><skipped type="pytest.xfail" message="Known intermittent uvicorn integration failure under full-suite run" /></testcase><testcase classname="tests.i9n.test_key_digest_uvicorn" name="test_persisted_columns" time="0.685" /><testcase classname="tests.i9n.test_key_digest_uvicorn" name="test_read_excludes_router_key" time="0.640" /><testcase classname="tests.i9n.test_key_digest_uvicorn" name="test_rejects_digest_in_request" time="0.489" /><testcase classname="tests.i9n.test_key_digest_uvicorn" name="test_rejects_router_key_in_request" time="0.497" /><testcase classname="tests.i9n.test_list_filters_optional" name="test_list_filters_optional[sync]" time="0.127" /><testcase classname="tests.i9n.test_list_filters_optional" name="test_list_filters_optional[async]" time="0.484" /><testcase classname="tests.i9n.test_mixins" name="test_timestamped_mixin" time="0.017" /><testcase classname="tests.i9n.test_mixins" name="test_created_mixin" time="0.015" /><testcase classname="tests.i9n.test_mixins" name="test_last_used_mixin" time="0.015"><skipped type="pytest.xfail" message="Known intermittent uvicorn integration failure under full-suite run" /></testcase><testcase classname="tests.i9n.test_mixins" name="test_active_toggle_mixin" time="0.017" /><testcase classname="tests.i9n.test_mixins" name="test_soft_delete_mixin" time="0.016" /><testcase classname="tests.i9n.test_mixins" name="test_versioned_mixin" time="0.019" /><testcase classname="tests.i9n.test_mixins" name="test_bulk_capable_mixin" time="0.017" /><testcase classname="tests.i9n.test_mixins" name="test_replaceable_mixin" time="0.015" /><testcase classname="tests.i9n.test_mixins" name="test_async_capable_mixin" time="0.013" /><testcase classname="tests.i9n.test_mixins" name="test_slugged_mixin" time="0.017" /><testcase classname="tests.i9n.test_mixins" name="test_status_column" time="0.016" /><testcase classname="tests.i9n.test_mixins" name="test_validity_window_mixin" time="0.017" /><testcase classname="tests.i9n.test_mixins" name="test_validity_window_default" time="0.005"><skipped type="pytest.xfail" message="Known intermittent uvicorn integration failure under full-suite run" /></testcase><testcase classname="tests.i9n.test_mixins" name="test_tzutcnow" time="0.002" /><testcase classname="tests.i9n.test_mixins" name="test_tzutcnow_plus_day" time="0.001" /><testcase classname="tests.i9n.test_mixins" name="test_monetary_mixin" time="0.018" /><testcase classname="tests.i9n.test_mixins" name="test_ext_ref_mixin" time="0.017" /><testcase classname="tests.i9n.test_mixins" name="test_meta_json_mixin" time="0.000"><skipped type="pytest.skip" message="JSONB type not supported in SQLite test environment">E:\swarmauri_github\tigrbl\pkgs\core\tigrbl_tests\tests\i9n\test_mixins.py:448: JSONB type not supported in SQLite test environment</skipped></testcase><testcase classname="tests.i9n.test_mixins" name="test_marker_mixins" time="0.039" /><testcase classname="tests.i9n.test_mixins" name="test_multiple_mixins_combination" time="0.027" /><testcase classname="tests.i9n.test_mountable_favicon_uvicorn" name="test_favicon_mountable_on_tigrbl_router_uvicorn" time="0.479" /><testcase classname="tests.i9n.test_mountable_favicon_uvicorn" name="test_favicon_mountable_on_tigrbl_router_uvicorn_instance" time="0.480" /><testcase classname="tests.i9n.test_mountable_lens_uvicorn" name="test_lens_mountable_on_tigrbl_app_uvicorn" time="0.483" /><testcase classname="tests.i9n.test_mountable_lens_uvicorn" name="test_lens_mountable_on_tigrbl_router_uvicorn" time="0.498" /><testcase classname="tests.i9n.test_mountable_lens_uvicorn" name="test_lens_mountable_with_openrpc_spec_path_uvicorn" time="0.496" /><testcase classname="tests.i9n.test_mountable_lens_uvicorn" name="test_lens_mountable_with_tigrbl_app_method_uvicorn" time="0.479" /><testcase classname="tests.i9n.test_mountable_lens_uvicorn" name="test_lens_mountable_with_tigrbl_router_method_uvicorn" time="0.496" /><testcase classname="tests.i9n.test_mountable_openapi_uvicorn" name="test_openapi_mountable_on_tigrbl_app_uvicorn" time="0.464" /><testcase classname="tests.i9n.test_mountable_openapi_uvicorn" name="test_openapi_mountable_on_tigrbl_router_uvicorn" time="0.499" /><testcase classname="tests.i9n.test_mountable_openrpc_uvicorn" name="test_openrpc_mountable_on_tigrbl_app_uvicorn" time="0.506" /><testcase classname="tests.i9n.test_mountable_openrpc_uvicorn" name="test_openrpc_mountable_on_tigrbl_router_uvicorn" time="0.490" /><testcase classname="tests.i9n.test_mountable_openrpc_uvicorn" name="test_openrpc_mountable_with_tigrbl_app_method_uvicorn" time="0.503" /><testcase classname="tests.i9n.test_mountable_openrpc_uvicorn" name="test_openrpc_mountable_with_tigrbl_router_method_uvicorn" time="0.519" /><testcase classname="tests.i9n.test_mountable_swagger_uvicorn" name="test_swagger_mountable_on_tigrbl_app_uvicorn" time="0.535" /><testcase classname="tests.i9n.test_mountable_swagger_uvicorn" name="test_swagger_mountable_on_tigrbl_router_uvicorn" time="0.514" /><testcase classname="tests.i9n.test_nested_path_schema_and_rpc" name="test_nested_path_schema_and_rpc[sync]" time="0.126" /><testcase classname="tests.i9n.test_nested_path_schema_and_rpc" name="test_nested_path_schema_and_rpc[async]" time="0.151" /><testcase classname="tests.i9n.test_nested_routing_depth" name="test_nested_routing_depth[sync]" time="0.179" /><testcase classname="tests.i9n.test_nested_routing_depth" name="test_nested_routing_depth[async]" time="0.006"><skipped type="pytest.skip" message="async database mode is currently unsupported">E:\swarmauri_github\tigrbl\pkgs\core\tigrbl_tests\tests\i9n\test_nested_routing_depth.py:59: async database mode is currently unsupported</skipped></testcase><testcase classname="tests.i9n.test_op_ctx_alias_examples" name="test_op_ctx_alias_create_examples" time="0.032" /><testcase classname="tests.i9n.test_op_ctx_alias_examples" name="test_op_ctx_alias_inherits_canonical_schemas" time="0.031" /><testcase classname="tests.i9n.test_op_ctx_behavior" name="test_op_ctx_request_response_schemas" time="0.092" /><testcase classname="tests.i9n.test_op_ctx_behavior" name="test_op_ctx_columns" time="0.031" /><testcase classname="tests.i9n.test_op_ctx_behavior" name="test_op_ctx_defaults_value_resolution" time="0.090" /><testcase classname="tests.i9n.test_op_ctx_behavior" name="test_op_ctx_internal_orm_models" time="0.525" /><testcase classname="tests.i9n.test_op_ctx_behavior" name="test_op_ctx_openrouter_json" time="0.033" /><testcase classname="tests.i9n.test_op_ctx_behavior" name="test_op_ctx_preserves_canon_schemas" time="0.034" /><testcase classname="tests.i9n.test_op_ctx_behavior" name="test_op_ctx_storage_sqlalchemy" time="0.088" /><testcase classname="tests.i9n.test_op_ctx_behavior" name="test_op_ctx_rest_call" time="0.083" /><testcase classname="tests.i9n.test_op_ctx_behavior" name="test_op_ctx_rpc_method" time="0.083" /><testcase classname="tests.i9n.test_op_ctx_behavior" name="test_op_ctx_core_crud" time="0.106" /><testcase classname="tests.i9n.test_op_ctx_behavior" name="test_op_ctx_hookz" time="0.083" /><testcase classname="tests.i9n.test_op_ctx_behavior" name="test_op_ctx_atom_plan" time="0.039" /><testcase classname="tests.i9n.test_op_ctx_behavior" name="test_op_ctx_system_steps" time="0.040" /><testcase classname="tests.i9n.test_op_ctx_core_crud_order" name="test_op_ctx_alias[create-make-post-None-False-False-201]" time="0.113" /><testcase classname="tests.i9n.test_op_ctx_core_crud_order" name="test_op_ctx_alias[read-fetch-get-member-True-False-404]" time="0.108" /><testcase classname="tests.i9n.test_op_ctx_core_crud_order" name="test_op_ctx_alias[update-change-patch-member-True-False-404]" time="0.110" /><testcase classname="tests.i9n.test_op_ctx_core_crud_order" name="test_op_ctx_alias[delete-remove-delete-member-True-False-404]" time="0.109" /><testcase classname="tests.i9n.test_op_ctx_core_crud_order" name="test_op_ctx_alias[list-browse-get-collection-False-True-200]" time="0.115" /><testcase classname="tests.i9n.test_op_ctx_core_crud_order" name="test_op_ctx_alias[clear-purge-delete-collection-False-True-200]" time="0.117" /><testcase classname="tests.i9n.test_op_ctx_core_crud_order" name="test_op_ctx_override[create-post-None-False]" time="0.103" /><testcase classname="tests.i9n.test_op_ctx_core_crud_order" name="test_op_ctx_override[read-get-member-True]" time="0.114" /><testcase classname="tests.i9n.test_op_ctx_core_crud_order" name="test_op_ctx_override[update-patch-member-True]" time="0.116" /><testcase classname="tests.i9n.test_op_ctx_core_crud_order" name="test_op_ctx_override[delete-delete-member-True]" time="0.115" /><testcase classname="tests.i9n.test_op_ctx_core_crud_order" name="test_op_ctx_override[list-get-collection-False]" time="0.113" /><testcase classname="tests.i9n.test_op_ctx_core_crud_order" name="test_op_ctx_override[clear-delete-collection-False]" time="0.115" /><testcase classname="tests.i9n.test_op_ctx_owner_scope_uvicorn_matrix" name="test_uvicorn_client_call_with_op_ctx_parameter_combinations[table-collection-None-default]" time="0.514" /><testcase classname="tests.i9n.test_op_ctx_owner_scope_uvicorn_matrix" name="test_uvicorn_client_call_with_op_ctx_parameter_combinations[table-collection-None-write]" time="0.507" /><testcase classname="tests.i9n.test_op_ctx_owner_scope_uvicorn_matrix" name="test_uvicorn_client_call_with_op_ctx_parameter_combinations[table-collection-None-append]" time="0.631" /><testcase classname="tests.i9n.test_op_ctx_owner_scope_uvicorn_matrix" name="test_uvicorn_client_call_with_op_ctx_parameter_combinations[table-collection-None-prepend]" time="0.506" /><testcase classname="tests.i9n.test_op_ctx_owner_scope_uvicorn_matrix" name="test_uvicorn_client_call_with_op_ctx_parameter_combinations[table-collection-None-override]" time="0.498" /><testcase classname="tests.i9n.test_op_ctx_owner_scope_uvicorn_matrix" name="test_uvicorn_client_call_with_op_ctx_parameter_combinations[table-collection-None-skip]" time="0.962" /><testcase classname="tests.i9n.test_op_ctx_owner_scope_uvicorn_matrix" name="test_uvicorn_client_call_with_op_ctx_parameter_combinations[table-collection-None-none]" time="0.521" /><testcase classname="tests.i9n.test_op_ctx_owner_scope_uvicorn_matrix" name="test_uvicorn_client_call_with_op_ctx_parameter_combinations[table-collection-None-read]" time="0.506" /><testcase classname="tests.i9n.test_op_ctx_owner_scope_uvicorn_matrix" name="test_uvicorn_client_call_with_op_ctx_parameter_combinations[table-collection-TokenInventorySchema-default]" time="0.529" /><testcase classname="tests.i9n.test_op_ctx_owner_scope_uvicorn_matrix" name="test_uvicorn_client_call_with_op_ctx_parameter_combinations[table-collection-TokenInventorySchema-write]" time="0.536" /><testcase classname="tests.i9n.test_op_ctx_owner_scope_uvicorn_matrix" name="test_uvicorn_client_call_with_op_ctx_parameter_combinations[table-collection-TokenInventorySchema-append]" time="0.525" /><testcase classname="tests.i9n.test_op_ctx_owner_scope_uvicorn_matrix" name="test_uvicorn_client_call_with_op_ctx_parameter_combinations[table-collection-TokenInventorySchema-prepend]" time="0.511" /><testcase classname="tests.i9n.test_op_ctx_owner_scope_uvicorn_matrix" name="test_uvicorn_client_call_with_op_ctx_parameter_combinations[table-collection-TokenInventorySchema-override]" time="0.507" /><testcase classname="tests.i9n.test_op_ctx_owner_scope_uvicorn_matrix" name="test_uvicorn_client_call_with_op_ctx_parameter_combinations[table-collection-TokenInventorySchema-skip]" time="0.509" /><testcase classname="tests.i9n.test_op_ctx_owner_scope_uvicorn_matrix" name="test_uvicorn_client_call_with_op_ctx_parameter_combinations[table-collection-TokenInventorySchema-none]" time="0.510" /><testcase classname="tests.i9n.test_op_ctx_owner_scope_uvicorn_matrix" name="test_uvicorn_client_call_with_op_ctx_parameter_combinations[table-collection-TokenInventorySchema-read]" time="0.523" /><testcase classname="tests.i9n.test_op_ctx_owner_scope_uvicorn_matrix" name="test_uvicorn_client_call_with_op_ctx_parameter_combinations[table-member-None-default]" time="0.506" /><testcase classname="tests.i9n.test_op_ctx_owner_scope_uvicorn_matrix" name="test_uvicorn_client_call_with_op_ctx_parameter_combinations[table-member-None-write]" time="0.530" /><testcase classname="tests.i9n.test_op_ctx_owner_scope_uvicorn_matrix" name="test_uvicorn_client_call_with_op_ctx_parameter_combinations[table-member-None-append]" time="0.523" /><testcase classname="tests.i9n.test_op_ctx_owner_scope_uvicorn_matrix" name="test_uvicorn_client_call_with_op_ctx_parameter_combinations[table-member-None-prepend]" time="0.540" /><testcase classname="tests.i9n.test_op_ctx_owner_scope_uvicorn_matrix" name="test_uvicorn_client_call_with_op_ctx_parameter_combinations[table-member-None-override]" time="0.536" /><testcase classname="tests.i9n.test_op_ctx_owner_scope_uvicorn_matrix" name="test_uvicorn_client_call_with_op_ctx_parameter_combinations[table-member-None-skip]" time="0.538" /><testcase classname="tests.i9n.test_op_ctx_owner_scope_uvicorn_matrix" name="test_uvicorn_client_call_with_op_ctx_parameter_combinations[table-member-None-none]" time="0.524" /><testcase classname="tests.i9n.test_op_ctx_owner_scope_uvicorn_matrix" name="test_uvicorn_client_call_with_op_ctx_parameter_combinations[table-member-None-read]" time="0.523" /><testcase classname="tests.i9n.test_op_ctx_owner_scope_uvicorn_matrix" name="test_uvicorn_client_call_with_op_ctx_parameter_combinations[table-member-TokenInventorySchema-default]" time="0.508" /><testcase classname="tests.i9n.test_op_ctx_owner_scope_uvicorn_matrix" name="test_uvicorn_client_call_with_op_ctx_parameter_combinations[table-member-TokenInventorySchema-write]" time="0.503" /><testcase classname="tests.i9n.test_op_ctx_owner_scope_uvicorn_matrix" name="test_uvicorn_client_call_with_op_ctx_parameter_combinations[table-member-TokenInventorySchema-append]" time="0.519" /><testcase classname="tests.i9n.test_op_ctx_owner_scope_uvicorn_matrix" name="test_uvicorn_client_call_with_op_ctx_parameter_combinations[table-member-TokenInventorySchema-prepend]" time="0.525" /><testcase classname="tests.i9n.test_op_ctx_owner_scope_uvicorn_matrix" name="test_uvicorn_client_call_with_op_ctx_parameter_combinations[table-member-TokenInventorySchema-override]" time="0.505" /><testcase classname="tests.i9n.test_op_ctx_owner_scope_uvicorn_matrix" name="test_uvicorn_client_call_with_op_ctx_parameter_combinations[table-member-TokenInventorySchema-skip]" time="0.524" /><testcase classname="tests.i9n.test_op_ctx_owner_scope_uvicorn_matrix" name="test_uvicorn_client_call_with_op_ctx_parameter_combinations[table-member-TokenInventorySchema-none]" time="0.492" /><testcase classname="tests.i9n.test_op_ctx_owner_scope_uvicorn_matrix" name="test_uvicorn_client_call_with_op_ctx_parameter_combinations[table-member-TokenInventorySchema-read]" time="0.525" /><testcase classname="tests.i9n.test_op_ctx_owner_scope_uvicorn_matrix" name="test_uvicorn_client_call_with_op_ctx_parameter_combinations[router-collection-None-default]" time="1.121" /><testcase classname="tests.i9n.test_op_ctx_owner_scope_uvicorn_matrix" name="test_uvicorn_client_call_with_op_ctx_parameter_combinations[router-collection-None-write]" time="0.511" /><testcase classname="tests.i9n.test_op_ctx_owner_scope_uvicorn_matrix" name="test_uvicorn_client_call_with_op_ctx_parameter_combinations[router-collection-None-append]" time="0.492" /><testcase classname="tests.i9n.test_op_ctx_owner_scope_uvicorn_matrix" name="test_uvicorn_client_call_with_op_ctx_parameter_combinations[router-collection-None-prepend]" time="0.523" /><testcase classname="tests.i9n.test_op_ctx_owner_scope_uvicorn_matrix" name="test_uvicorn_client_call_with_op_ctx_parameter_combinations[router-collection-None-override]" time="0.514" /><testcase classname="tests.i9n.test_op_ctx_owner_scope_uvicorn_matrix" name="test_uvicorn_client_call_with_op_ctx_parameter_combinations[router-collection-None-skip]" time="0.513" /><testcase classname="tests.i9n.test_op_ctx_owner_scope_uvicorn_matrix" name="test_uvicorn_client_call_with_op_ctx_parameter_combinations[router-collection-None-none]" time="0.512" /><testcase classname="tests.i9n.test_op_ctx_owner_scope_uvicorn_matrix" name="test_uvicorn_client_call_with_op_ctx_parameter_combinations[router-collection-None-read]" time="0.493" /><testcase classname="tests.i9n.test_op_ctx_owner_scope_uvicorn_matrix" name="test_uvicorn_client_call_with_op_ctx_parameter_combinations[router-collection-TokenInventorySchema-default]" time="0.524" /><testcase classname="tests.i9n.test_op_ctx_owner_scope_uvicorn_matrix" name="test_uvicorn_client_call_with_op_ctx_parameter_combinations[router-collection-TokenInventorySchema-write]" time="0.513" /><testcase classname="tests.i9n.test_op_ctx_owner_scope_uvicorn_matrix" name="test_uvicorn_client_call_with_op_ctx_parameter_combinations[router-collection-TokenInventorySchema-append]" time="0.530" /><testcase classname="tests.i9n.test_op_ctx_owner_scope_uvicorn_matrix" name="test_uvicorn_client_call_with_op_ctx_parameter_combinations[router-collection-TokenInventorySchema-prepend]" time="0.528" /><testcase classname="tests.i9n.test_op_ctx_owner_scope_uvicorn_matrix" name="test_uvicorn_client_call_with_op_ctx_parameter_combinations[router-collection-TokenInventorySchema-override]" time="0.511" /><testcase classname="tests.i9n.test_op_ctx_owner_scope_uvicorn_matrix" name="test_uvicorn_client_call_with_op_ctx_parameter_combinations[router-collection-TokenInventorySchema-skip]" time="0.512" /><testcase classname="tests.i9n.test_op_ctx_owner_scope_uvicorn_matrix" name="test_uvicorn_client_call_with_op_ctx_parameter_combinations[router-collection-TokenInventorySchema-none]" time="0.551" /><testcase classname="tests.i9n.test_op_ctx_owner_scope_uvicorn_matrix" name="test_uvicorn_client_call_with_op_ctx_parameter_combinations[router-collection-TokenInventorySchema-read]" time="0.525" /><testcase classname="tests.i9n.test_op_ctx_owner_scope_uvicorn_matrix" name="test_uvicorn_client_call_with_op_ctx_parameter_combinations[router-member-None-default]" time="0.522" /><testcase classname="tests.i9n.test_op_ctx_owner_scope_uvicorn_matrix" name="test_uvicorn_client_call_with_op_ctx_parameter_combinations[router-member-None-write]" time="0.540" /><testcase classname="tests.i9n.test_op_ctx_owner_scope_uvicorn_matrix" name="test_uvicorn_client_call_with_op_ctx_parameter_combinations[router-member-None-append]" time="0.534" /><testcase classname="tests.i9n.test_op_ctx_owner_scope_uvicorn_matrix" name="test_uvicorn_client_call_with_op_ctx_parameter_combinations[router-member-None-prepend]" time="0.506" /><testcase classname="tests.i9n.test_op_ctx_owner_scope_uvicorn_matrix" name="test_uvicorn_client_call_with_op_ctx_parameter_combinations[router-member-None-override]" time="0.539" /><testcase classname="tests.i9n.test_op_ctx_owner_scope_uvicorn_matrix" name="test_uvicorn_client_call_with_op_ctx_parameter_combinations[router-member-None-skip]" time="0.539" /><testcase classname="tests.i9n.test_op_ctx_owner_scope_uvicorn_matrix" name="test_uvicorn_client_call_with_op_ctx_parameter_combinations[router-member-None-none]" time="0.510" /><testcase classname="tests.i9n.test_op_ctx_owner_scope_uvicorn_matrix" name="test_uvicorn_client_call_with_op_ctx_parameter_combinations[router-member-None-read]" time="0.524" /><testcase classname="tests.i9n.test_op_ctx_owner_scope_uvicorn_matrix" name="test_uvicorn_client_call_with_op_ctx_parameter_combinations[router-member-TokenInventorySchema-default]" time="0.494" /><testcase classname="tests.i9n.test_op_ctx_owner_scope_uvicorn_matrix" name="test_uvicorn_client_call_with_op_ctx_parameter_combinations[router-member-TokenInventorySchema-write]" time="0.512" /><testcase classname="tests.i9n.test_op_ctx_owner_scope_uvicorn_matrix" name="test_uvicorn_client_call_with_op_ctx_parameter_combinations[router-member-TokenInventorySchema-append]" time="0.511" /><testcase classname="tests.i9n.test_op_ctx_owner_scope_uvicorn_matrix" name="test_uvicorn_client_call_with_op_ctx_parameter_combinations[router-member-TokenInventorySchema-prepend]" time="1.106" /><testcase classname="tests.i9n.test_op_ctx_owner_scope_uvicorn_matrix" name="test_uvicorn_client_call_with_op_ctx_parameter_combinations[router-member-TokenInventorySchema-override]" time="0.492" /><testcase classname="tests.i9n.test_op_ctx_owner_scope_uvicorn_matrix" name="test_uvicorn_client_call_with_op_ctx_parameter_combinations[router-member-TokenInventorySchema-skip]" time="0.521" /><testcase classname="tests.i9n.test_op_ctx_owner_scope_uvicorn_matrix" name="test_uvicorn_client_call_with_op_ctx_parameter_combinations[router-member-TokenInventorySchema-none]" time="0.536" /><testcase classname="tests.i9n.test_op_ctx_owner_scope_uvicorn_matrix" name="test_uvicorn_client_call_with_op_ctx_parameter_combinations[router-member-TokenInventorySchema-read]" time="0.507" /><testcase classname="tests.i9n.test_op_ctx_owner_scope_uvicorn_matrix" name="test_uvicorn_client_call_with_op_ctx_parameter_combinations[app-collection-None-default]" time="0.521" /><testcase classname="tests.i9n.test_op_ctx_owner_scope_uvicorn_matrix" name="test_uvicorn_client_call_with_op_ctx_parameter_combinations[app-collection-None-write]" time="0.512" /><testcase classname="tests.i9n.test_op_ctx_owner_scope_uvicorn_matrix" name="test_uvicorn_client_call_with_op_ctx_parameter_combinations[app-collection-None-append]" time="0.480" /><testcase classname="tests.i9n.test_op_ctx_owner_scope_uvicorn_matrix" name="test_uvicorn_client_call_with_op_ctx_parameter_combinations[app-collection-None-prepend]" time="0.495" /><testcase classname="tests.i9n.test_op_ctx_owner_scope_uvicorn_matrix" name="test_uvicorn_client_call_with_op_ctx_parameter_combinations[app-collection-None-override]" time="0.526" /><testcase classname="tests.i9n.test_op_ctx_owner_scope_uvicorn_matrix" name="test_uvicorn_client_call_with_op_ctx_parameter_combinations[app-collection-None-skip]" time="0.500" /><testcase classname="tests.i9n.test_op_ctx_owner_scope_uvicorn_matrix" name="test_uvicorn_client_call_with_op_ctx_parameter_combinations[app-collection-None-none]" time="0.501" /><testcase classname="tests.i9n.test_op_ctx_owner_scope_uvicorn_matrix" name="test_uvicorn_client_call_with_op_ctx_parameter_combinations[app-collection-None-read]" time="0.494" /><testcase classname="tests.i9n.test_op_ctx_owner_scope_uvicorn_matrix" name="test_uvicorn_client_call_with_op_ctx_parameter_combinations[app-collection-TokenInventorySchema-default]" time="0.507" /><testcase classname="tests.i9n.test_op_ctx_owner_scope_uvicorn_matrix" name="test_uvicorn_client_call_with_op_ctx_parameter_combinations[app-collection-TokenInventorySchema-write]" time="0.508" /><testcase classname="tests.i9n.test_op_ctx_owner_scope_uvicorn_matrix" name="test_uvicorn_client_call_with_op_ctx_parameter_combinations[app-collection-TokenInventorySchema-append]" time="0.523" /><testcase classname="tests.i9n.test_op_ctx_owner_scope_uvicorn_matrix" name="test_uvicorn_client_call_with_op_ctx_parameter_combinations[app-collection-TokenInventorySchema-prepend]" time="0.527" /><testcase classname="tests.i9n.test_op_ctx_owner_scope_uvicorn_matrix" name="test_uvicorn_client_call_with_op_ctx_parameter_combinations[app-collection-TokenInventorySchema-override]" time="0.509" /><testcase classname="tests.i9n.test_op_ctx_owner_scope_uvicorn_matrix" name="test_uvicorn_client_call_with_op_ctx_parameter_combinations[app-collection-TokenInventorySchema-skip]" time="0.515" /><testcase classname="tests.i9n.test_op_ctx_owner_scope_uvicorn_matrix" name="test_uvicorn_client_call_with_op_ctx_parameter_combinations[app-collection-TokenInventorySchema-none]" time="0.711" /><testcase classname="tests.i9n.test_op_ctx_owner_scope_uvicorn_matrix" name="test_uvicorn_client_call_with_op_ctx_parameter_combinations[app-collection-TokenInventorySchema-read]" time="0.739" /><testcase classname="tests.i9n.test_op_ctx_owner_scope_uvicorn_matrix" name="test_uvicorn_client_call_with_op_ctx_parameter_combinations[app-member-None-default]" time="0.512" /><testcase classname="tests.i9n.test_op_ctx_owner_scope_uvicorn_matrix" name="test_uvicorn_client_call_with_op_ctx_parameter_combinations[app-member-None-write]" time="0.496" /><testcase classname="tests.i9n.test_op_ctx_owner_scope_uvicorn_matrix" name="test_uvicorn_client_call_with_op_ctx_parameter_combinations[app-member-None-append]" time="0.496" /><testcase classname="tests.i9n.test_op_ctx_owner_scope_uvicorn_matrix" name="test_uvicorn_client_call_with_op_ctx_parameter_combinations[app-member-None-prepend]" time="0.494" /><testcase classname="tests.i9n.test_op_ctx_owner_scope_uvicorn_matrix" name="test_uvicorn_client_call_with_op_ctx_parameter_combinations[app-member-None-override]" time="0.510" /><testcase classname="tests.i9n.test_op_ctx_own
[...]
_spec_shortcut_derivation" time="0.001" /><testcase classname="tests.unit.test_spec_app" name="test_concrete_app_initializes_from_mro_collect_spec" time="0.001" /><testcase classname="tests.unit.test_spec_app" name="test_app_spec_normalizes_scalar_sequence_fields" time="0.001" /><testcase classname="tests.unit.test_spec_column" name="test_column_spec_defaults_and_virtual_detection" time="0.001" /><testcase classname="tests.unit.test_spec_column" name="test_column_shortcuts_and_storage_binding" time="0.001" /><testcase classname="tests.unit.test_spec_engine" name="test_engine_spec_parses_sqlite_dsn" time="0.001" /><testcase classname="tests.unit.test_spec_engine" name="test_engine_spec_parses_mapping_defaults" time="0.001" /><testcase classname="tests.unit.test_spec_engine" name="test_engine_spec_to_provider_roundtrip" time="0.001" /><testcase classname="tests.unit.test_spec_engine" name="test_engine_ctx_binds_to_functions_and_models" time="0.001" /><testcase classname="tests.unit.test_spec_engine" name="test_engine_shortcuts_build_expected_types" time="0.001" /><testcase classname="tests.unit.test_spec_field" name="test_field_spec_defaults_and_constraints" time="0.001" /><testcase classname="tests.unit.test_spec_field" name="test_field_spec_constraints_are_isolated" time="0.001" /><testcase classname="tests.unit.test_spec_hook" name="test_hook_spec_and_shortcuts" time="0.001" /><testcase classname="tests.unit.test_spec_hook" name="test_hook_ctx_decorator_binds_decl" time="0.001" /><testcase classname="tests.unit.test_spec_io" name="test_io_spec_assemble_and_alias_readtime" time="0.001" /><testcase classname="tests.unit.test_spec_io" name="test_io_spec_paired_behavior" time="0.001" /><testcase classname="tests.unit.test_spec_op" name="test_op_spec_decorators_and_collection" time="0.001" /><testcase classname="tests.unit.test_spec_op" name="test_op_alias_and_alias_ctx_bindings" time="0.001" /><testcase classname="tests.unit.test_spec_storage" name="test_storage_spec_defaults_and_fk" time="0.001" /><testcase classname="tests.unit.test_spec_storage" name="test_foreign_key_impl_inherits_spec" time="0.001" /><testcase classname="tests.unit.test_spec_storage" name="test_storage_spec_transform_settings" time="0.001" /><testcase classname="tests.unit.test_spec_table" name="test_table_spec_defaults_and_merge" time="0.001" /><testcase classname="tests.unit.test_spec_table" name="test_concrete_table_initializes_from_mro_collect_spec" time="0.001" /><testcase classname="tests.unit.test_sqlite_attachments" name="test_initialize_sync_without_sqlite_attachments" time="0.014" /><testcase classname="tests.unit.test_sqlite_attachments" name="test_initialize_sync_with_sqlite_attachments" time="0.018" /><testcase classname="tests.unit.test_sqlite_attachments" name="test_initialize_async_without_sqlite_attachments" time="0.007" /><testcase classname="tests.unit.test_sqlite_attachments" name="test_initialize_async_with_sqlite_attachments" time="0.017" /><testcase classname="tests.unit.test_sqlite_uuid_type" name="test_sqlite_uuid_python_type_flags" time="0.001" /><testcase classname="tests.unit.test_sqlite_uuid_type" name="test_sqlite_uuid_sqlite_bind_param_coerces_uuid_str" time="0.001" /><testcase classname="tests.unit.test_sqlite_uuid_type" name="test_sqlite_uuid_postgres_bind_param_returns_uuid" time="0.001" /><testcase classname="tests.unit.test_sqlite_uuid_type" name="test_sqlite_uuid_result_processing" time="0.001" /><testcase classname="tests.unit.test_sqlite_uuid_type" name="test_sqlite_uuid_dialect_impls" time="0.001" /><testcase classname="tests.unit.test_stdapi_request_injection" name="test_handler_with_req_name_and_forward_ref_request_annotation" time="0.050" /><testcase classname="tests.unit.test_stdapi_transport_asgi_wsgi" name="test_asgi_http_scope_dispatches_with_query_and_body" time="0.002"><skipped type="pytest.xfail" message="Router no longer exposes _asgi_app transport internals." /></testcase><testcase classname="tests.unit.test_stdapi_transport_asgi_wsgi" name="test_asgi_non_http_scope_returns_500" time="0.002"><skipped type="pytest.xfail" message="Router no longer exposes _asgi_app transport internals." /></testcase><testcase classname="tests.unit.test_stdapi_transport_asgi_wsgi" name="test_asgi_204_response_omits_body_and_content_length" time="0.002"><skipped type="pytest.xfail" message="Router no longer exposes _asgi_app transport internals." /></testcase><testcase classname="tests.unit.test_stdapi_transport_asgi_wsgi" name="test_asgi_head_response_strips_body_and_entity_headers" time="0.002"><skipped type="pytest.xfail" message="Router no longer exposes _asgi_app transport internals." /></testcase><testcase classname="tests.unit.test_stdapi_transport_asgi_wsgi" name="test_wsgi_205_response_strips_body_and_entity_headers" time="0.001"><skipped type="pytest.xfail" message="Router no longer exposes REST verb decorator helpers such as .get." /></testcase><testcase classname="tests.unit.test_stdapi_transport_asgi_wsgi" name="test_wsgi_recomputes_stale_content_length" time="0.001"><skipped type="pytest.xfail" message="Router no longer exposes REST verb decorator helpers such as .get." /></testcase><testcase classname="tests.unit.test_stdapi_transport_asgi_wsgi" name="test_wsgi_dispatch_reads_body_and_query" time="0.001"><skipped type="pytest.xfail" message="Router no longer exposes REST verb decorator helpers such as .post." /></testcase><testcase classname="tests.unit.test_stdapi_transport_asgi_wsgi" name="test_invalid_asgi_wsgi_invocation_raises_type_error" time="0.001"><skipped type="pytest.xfail" message="Router instances are no longer callable transport entrypoints." /></testcase><testcase classname="tests.unit.test_storage_spec_attributes" name="test_type_attribute" time="0.001" /><testcase classname="tests.unit.test_storage_spec_attributes" name="test_nullable_attribute" time="0.001" /><testcase classname="tests.unit.test_storage_spec_attributes" name="test_unique_attribute" time="0.001" /><testcase classname="tests.unit.test_storage_spec_attributes" name="test_index_attribute" time="0.001" /><testcase classname="tests.unit.test_storage_spec_attributes" name="test_primary_key_attribute" time="0.001" /><testcase classname="tests.unit.test_storage_spec_attributes" name="test_autoincrement_attribute" time="0.001" /><testcase classname="tests.unit.test_storage_spec_attributes" name="test_default_attribute" time="0.001" /><testcase classname="tests.unit.test_storage_spec_attributes" name="test_onupdate_attribute" time="0.001" /><testcase classname="tests.unit.test_storage_spec_attributes" name="test_server_default_attribute" time="0.001" /><testcase classname="tests.unit.test_storage_spec_attributes" name="test_refresh_on_return_attribute" time="0.001" /><testcase classname="tests.unit.test_storage_spec_attributes" name="test_transform_attribute" time="0.001" /><testcase classname="tests.unit.test_storage_spec_attributes" name="test_fk_attribute" time="0.001" /><testcase classname="tests.unit.test_storage_spec_attributes" name="test_check_attribute" time="0.001" /><testcase classname="tests.unit.test_storage_spec_attributes" name="test_comment_attribute" time="0.001" /><testcase classname="tests.unit.test_sys_handler_crud" name="test_registry_handler_crud_step" time="0.001" /><testcase classname="tests.unit.test_sys_handler_crud" name="test_handler_calls_installed" time="0.001" /><testcase classname="tests.unit.test_sys_handler_crud" name="test_handler_uses_temp_handler" time="0.001" /><testcase classname="tests.unit.test_sys_handler_crud" name="test_handler_uses_ctx_handler" time="0.001" /><testcase classname="tests.unit.test_sys_handler_crud" name="test_handler_uses_model_runtime_handler" time="0.001" /><testcase classname="tests.unit.test_sys_handler_crud" name="test_handler_uses_model_handler" time="0.001" /><testcase classname="tests.unit.test_sys_handler_crud" name="test_handler_raises_when_missing" time="0.001" /><testcase classname="tests.unit.test_sys_run_rollback" name="test_run_rollback_calls_installed" time="0.001" /><testcase classname="tests.unit.test_sys_run_rollback" name="test_run_rollback_falls_back_to_ctx_session" time="0.001" /><testcase classname="tests.unit.test_sys_run_rollback" name="test_run_rollback_swallows_exceptions" time="0.001" /><testcase classname="tests.unit.test_sys_tx_async_begin" name="test_sys_tx_handles_async_begin_sync_commit" time="0.002" /><testcase classname="tests.unit.test_sys_tx_begin" name="test_registry_tx_begin_step" time="0.001" /><testcase classname="tests.unit.test_sys_tx_begin" name="test_tx_begin_calls_installed_runner_and_sets_flag" time="0.001" /><testcase classname="tests.unit.test_sys_tx_begin" name="test_tx_begin_noop_without_installed_runner" time="0.001" /><testcase classname="tests.unit.test_sys_tx_begin" name="test_tx_begin_wraps_exceptions" time="0.001" /><testcase classname="tests.unit.test_sys_tx_commit" name="test_registry_tx_commit_step" time="0.001" /><testcase classname="tests.unit.test_sys_tx_commit" name="test_tx_commit_calls_installed_when_flag_set" time="0.001" /><testcase classname="tests.unit.test_sys_tx_commit" name="test_tx_commit_noop_when_flag_not_set" time="0.001" /><testcase classname="tests.unit.test_sys_tx_commit" name="test_tx_commit_wraps_exceptions" time="0.002" /><testcase classname="tests.unit.test_system_docs_builders" name="test_system_build_helpers_return_documents" time="0.002" /><testcase classname="tests.unit.test_system_docs_builders" name="test_openrpc_builder_uses_request_origin_and_jsonrpc_prefix" time="0.002" /><testcase classname="tests.unit.test_system_docs_builders" name="test_openrpc_builder_normalizes_forwarded_host_header_values" time="0.002" /><testcase classname="tests.unit.test_system_docs_builders" name="test_openrpc_builder_prefers_request_scheme_without_forwarded_proto" time="0.002" /><testcase classname="tests.unit.test_system_docs_builders" name="test_openrpc_builder_prefers_forwarded_proto_over_request_scheme" time="0.002" /><testcase classname="tests.unit.test_system_docs_builders" name="test_openrpc_builder_keeps_relative_server_url_without_forwarding_headers" time="0.002" /><testcase classname="tests.unit.test_table_base_exports" name="test_base_is_exported" time="0.001" /><testcase classname="tests.unit.test_table_base_exports" name="test_base_is_singleton" time="0.001" /><testcase classname="tests.unit.test_table_base_exports" name="test_invalid_import_path_raises[tigrbl.orm.table]" time="0.001" /><testcase classname="tests.unit.test_table_collect_spec" name="test_collect_table_spec_merges_mro" time="0.001" /><testcase classname="tests.unit.test_table_columns_namespace" name="test_columns_namespace_exposes_specs[one]" time="0.001" /><testcase classname="tests.unit.test_table_columns_namespace" name="test_columns_namespace_exposes_specs[two]" time="0.001" /><testcase classname="tests.unit.test_table_columns_namespace" name="test_columns_namespace_missing[missing]" time="0.001" /><testcase classname="tests.unit.test_table_columns_namespace" name="test_columns_namespace_missing[other]" time="0.001" /><testcase classname="tests.unit.test_table_model_attribute_contract" name="test_table_objects_only_expose_model_attribute_contract" time="0.001" /><testcase classname="tests.unit.test_table_model_attribute_contract" name="test_core_classes_do_not_expose_model_or_models_attributes" time="0.003" /><testcase classname="tests.unit.test_table_namespace_init" name="test_table_initializes_model_namespaces" time="0.001" /><testcase classname="tests.unit.test_table_namespace_isolation" name="test_model_namespaces_are_per_class" time="0.001" /><testcase classname="tests.unit.test_table_namespace_isolation" name="test_model_namespace_mutations_do_not_bleed" time="0.001" /><testcase classname="tests.unit.test_tigrbl_api_app_configuration" name="test_tigrbl_router_app_constructor_configuration_applies_metadata" time="0.002" /><testcase classname="tests.unit.test_tigrbl_api_app_configuration" name="test_tigrbl_router_app_post_instantiation_updates_auth_state" time="0.011" /><testcase classname="tests.unit.test_tigrbl_api_app_instantiation" name="test_tigrbl_router_app_instantiation_sets_composed_state" time="0.002" /><testcase classname="tests.unit.test_tigrbl_api_app_subclass_definition" name="test_tigrbl_router_app_subclass_declares_composition" time="0.001" /><testcase classname="tests.unit.test_tigrbl_api_configuration" name="test_tigrbl_router_constructor_configuration_sets_prefixes" time="0.001" /><testcase classname="tests.unit.test_tigrbl_api_configuration" name="test_tigrbl_router_post_instantiation_set_auth_updates_state" time="0.001" /><testcase classname="tests.unit.test_tigrbl_api_configuration" name="test_tigrbl_router_class_prefix_defaults" time="0.001" /><testcase classname="tests.unit.test_tigrbl_api_instantiation" name="test_tigrbl_router_instantiation_sets_containers" time="0.001" /><testcase classname="tests.unit.test_tigrbl_api_subclass_definition" name="test_tigrbl_router_subclass_declares_metadata" time="0.001" /><testcase classname="tests.unit.test_tigrbl_app_configuration" name="test_tigrbl_app_constructor_configuration_sets_metadata" time="0.002" /><testcase classname="tests.unit.test_tigrbl_app_configuration" name="test_tigrbl_app_post_instantiation_set_auth_updates_state" time="0.002" /><testcase classname="tests.unit.test_tigrbl_app_event_handlers" name="test_add_event_handler_registers_startup_handler" time="0.002" /><testcase classname="tests.unit.test_tigrbl_app_event_handlers" name="test_on_event_decorator_registers_shutdown_handler" time="0.002" /><testcase classname="tests.unit.test_tigrbl_app_event_handlers" name="test_run_event_handlers_executes_sync_and_async_handlers" time="0.003" /><testcase classname="tests.unit.test_tigrbl_app_event_handlers" name="test_add_event_handler_rejects_unsupported_event_type" time="0.002" /><testcase classname="tests.unit.test_tigrbl_app_instantiation" name="test_tigrbl_app_instantiation_sets_containers" time="0.012" /><testcase classname="tests.unit.test_tigrbl_app_state" name="test_tigrbl_app_exposes_state_namespace" time="0.002" /><testcase classname="tests.unit.test_tigrbl_app_state" name="test_tigrbl_app_state_allows_attribute_assignment" time="0.002" /><testcase classname="tests.unit.test_tigrbl_app_subclass_definition" name="test_tigrbl_app_subclass_declares_metadata" time="0.001" /><testcase classname="tests.unit.test_transport_dispatch_parity_contract" name="test_rest_and_jsonrpc_semantic_parity_survives_binding_materialization" time="0.000"><skipped type="pytest.skip" message="transport-dispatch governance placeholder until REST/JSON-RPC parity is restored through the shared dispatch path">E:\swarmauri_github\tigrbl\pkgs\core\tigrbl_tests\tests\unit\test_transport_dispatch_parity_contract.py:6: transport-dispatch governance placeholder until REST/JSON-RPC parity is restored through the shared dispatch path</skipped></testcase><testcase classname="tests.unit.test_transport_gw_contract" name="test_legacy_transport_gateway_and_response_modules_removed" time="0.001" /><testcase classname="tests.unit.test_transport_security_runtime_only" name="test_transport_modules_do_not_execute_security_dependencies" time="0.001" /><testcase classname="tests.unit.test_v3_favicon_endpoint" name="test_favicon_endpoint_serves_default_svg_and_redirects_ico" time="0.047" /><testcase classname="tests.unit.test_v3_healthz_endpoint" name="test_healthz_endpoint_select_case_fallback" time="0.041" /><testcase classname="tests.unit.test_v3_op_alias" name="test_alias_ctx_renames_canon_and_uses_core_handler" time="0.003" /><testcase classname="tests.unit.test_v3_op_alias" name="test_alias_ctx_request_schema_override" time="0.007" /><testcase classname="tests.unit.test_v3_op_alias" name="test_alias_ctx_response_schema_override" time="0.006" /><testcase classname="tests.unit.test_v3_op_alias" name="test_alias_ctx_persist_override" time="0.001" /><testcase classname="tests.unit.test_v3_op_alias" name="test_alias_ctx_arity_override" time="0.001" /><testcase classname="tests.unit.test_v3_op_alias" name="test_alias_ctx_rest_override" time="0.001" /><testcase classname="tests.unit.test_v3_op_ctx_attributes" name="test_op_ctx_alias_sets_alias" time="0.001" /><testcase classname="tests.unit.test_v3_op_ctx_attributes" name="test_op_ctx_target_sets_target" time="0.001" /><testcase classname="tests.unit.test_v3_op_ctx_attributes" name="test_op_ctx_arity_sets_arity" time="0.001" /><testcase classname="tests.unit.test_v3_op_ctx_attributes" name="test_op_ctx_rest_controls_exposure" time="0.001" /><testcase classname="tests.unit.test_v3_op_ctx_attributes" name="test_op_ctx_request_schema_attached" time="0.001" /><testcase classname="tests.unit.test_v3_op_ctx_attributes" name="test_op_ctx_response_schema_attached" time="0.001" /><testcase classname="tests.unit.test_v3_op_ctx_attributes" name="test_op_ctx_persist_policy_override" time="0.001" /><testcase classname="tests.unit.test_v3_op_ctx_attributes" name="test_op_ctx_core_crud_order" time="0.001" /><testcase classname="tests.unit.test_v3_schemas_and_decorators" name="test_schema_ctx_seed_and_alias_ctx_override" time="0.008" /><testcase classname="tests.unit.test_v3_schemas_and_decorators" name="test_rest_serialization_with_and_without_out_schema" time="0.057" /><testcase classname="tests.unit.test_v3_storage_spec_attributes" name="test_type_spec_sets_column_type" time="0.002" /><testcase classname="tests.unit.test_v3_storage_spec_attributes" name="test_nullable_false_sets_column_non_nullable" time="0.002" /><testcase classname="tests.unit.test_v3_storage_spec_attributes" name="test_unique_sets_column_unique" time="0.002" /><testcase classname="tests.unit.test_v3_storage_spec_attributes" name="test_index_creates_index_on_column" time="0.002" /><testcase classname="tests.unit.test_v3_storage_spec_attributes" name="test_primary_key_flag_sets_pk" time="0.002" /><testcase classname="tests.unit.test_v3_storage_spec_attributes" name="test_autoincrement_flag_propagates" time="0.002" /><testcase classname="tests.unit.test_v3_storage_spec_attributes" name="test_default_value_is_assigned" time="0.002" /><testcase classname="tests.unit.test_v3_storage_spec_attributes" name="test_onupdate_callable_is_set" time="0.002" /><testcase classname="tests.unit.test_v3_storage_spec_attributes" name="test_server_default_clause_attached" time="0.002" /><testcase classname="tests.unit.test_v3_storage_spec_attributes" name="test_refresh_on_return_preserved_in_spec" time="0.002" /><testcase classname="tests.unit.test_v3_storage_spec_attributes" name="test_transform_applied_during_persist" time="0.002" /><testcase classname="tests.unit.test_v3_storage_spec_attributes" name="test_foreign_key_spec_creates_fk" time="0.003" /><testcase classname="tests.unit.test_v3_storage_spec_attributes" name="test_check_constraint_attached" time="0.002" /><testcase classname="tests.unit.test_v3_storage_spec_attributes" name="test_comment_is_set_on_column" time="0.002" /><testcase classname="tests.unit.test_verbosity" name="test_verbosity_level_does_not_force_debug" time="0.001" /><testcase classname="tests.unit.test_verbosity" name="test_verbosity_situations_skip_debug_without_verbose" time="0.001" /><testcase classname="tests.unit.test_verbosity" name="test_verbosity_formatting_uses_uvicorn_logger" time="0.001" /><testcase classname="tigrbl_tests.tests.test_orm_alias_exports" name="test_tigrbl_orm_alias_module_loads" time="0.001" /><testcase classname="tigrbl_tests.tests.test_orm_alias_exports" name="test_tigrbl_orm_mixins_module_alias_loads" time="0.000" /><testcase classname="tigrbl_tests.tests.test_orm_alias_exports" name="test_bootstrappable_available_through_tigrbl_orm_mixins" time="0.000" /><testcase classname="v4.tests.spec.test_master_app_spec_surface" name="test_master_app_spec_v4_surface_accepts_model_refs_and_router_owned_tables" time="0.009" /></testsuite></testsuites>